Log file open, 02/19/18 18:44:19
LogWindows: Failed to load 'aqProf.dll' (GetLastError=126)
LogWindows: File 'aqProf.dll' does not exist
LogWindows: Failed to load 'VSPerf140.dll' (GetLastError=126)
LogWindows: File 'VSPerf140.dll' does not exist
LogWindows: Failed to load 'VtuneApi.dll' (GetLastError=126)
LogWindows: File 'VtuneApi.dll' does not exist
LogWindows: Failed to load 'VtuneApi32e.dll' (GetLastError=126)
LogWindows: File 'VtuneApi32e.dll' does not exist
LogInit: Display: Running engine for game: GameProgramming2
LogPlatformFile: Not using cached read wrapper
LogInit: Display: RandInit(1283571081) SRandInit(1283571081).
LogInit: Read version file with build ID '3709383'
LogInit: Overriding engine version to CL 3832480, compatible CL 3709383
LogInit: Registered custom module enumerator with build ID '3709383'
LogTaskGraph: Started task graph with 5 named threads and 8 total threads with 3 sets of task threads.
LogStats: Stats thread started at 0.226252
LogD3D11RHI: Aftermath initialized
LogPluginManager: Mounting plugin Paper2D
LogPluginManager: Mounting plugin LightPropagationVolume
LogPluginManager: Mounting plugin CodeLiteSourceCodeAccess
LogPluginManager: Mounting plugin GitSourceControl
LogPluginManager: Mounting plugin KDevelopSourceCodeAccess
LogPluginManager: Mounting plugin NullSourceCodeAccess
LogPluginManager: Mounting plugin PerforceSourceControl
LogPluginManager: Mounting plugin SubversionSourceControl
LogPluginManager: Mounting plugin UObjectPlugin
LogPluginManager: Mounting plugin VisualStudioCodeSourceCodeAccess
LogPluginManager: Mounting plugin VisualStudioSourceCodeAccess
LogPluginManager: Mounting plugin XCodeSourceCodeAccess
LogPluginManager: Mounting plugin AssetManagerEditor
LogPluginManager: Mounting plugin AudioCapture
LogPluginManager: Mounting plugin FacialAnimation
LogPluginManager: Mounting plugin GameplayTagsEditor
LogPluginManager: Mounting plugin MobileLauncherProfileWizard
LogPluginManager: Mounting plugin PluginBrowser
LogPluginManager: Mounting plugin SpeedTreeImporter
LogPluginManager: Mounting plugin AlembicImporter
LogPluginManager: Mounting plugin CharacterAI
LogPluginManager: Mounting plugin HTML5Networking
LogPluginManager: Mounting plugin AndroidMedia
LogPluginManager: Mounting plugin AvfMedia
LogPluginManager: Mounting plugin ImgMedia
LogPluginManager: Mounting plugin MediaCompositing
LogPluginManager: Mounting plugin MediaPlayerEditor
LogPluginManager: Mounting plugin WmfMedia
LogPluginManager: Mounting plugin TcpMessaging
LogPluginManager: Mounting plugin UdpMessaging
LogPluginManager: Mounting plugin ActorSequence
LogPluginManager: Mounting plugin LevelSequenceEditor
LogPluginManager: Mounting plugin MatineeToLevelSequence
LogPluginManager: Mounting plugin OnlineSubsystemGooglePlay
LogPluginManager: Mounting plugin OnlineSubsystemIOS
LogPluginManager: Mounting plugin OnlineSubsystem
LogPluginManager: Mounting plugin OnlineSubsystemNull
LogPluginManager: Mounting plugin OnlineSubsystemUtils
LogPluginManager: Mounting plugin AndroidDeviceProfileSelector
LogPluginManager: Mounting plugin AndroidMoviePlayer
LogPluginManager: Mounting plugin AndroidPermission
LogPluginManager: Mounting plugin AppleARKit
LogPluginManager: Mounting plugin AppleMoviePlayer
LogPluginManager: Mounting plugin ArchVisCharacter
LogPluginManager: Mounting plugin CableComponent
LogPluginManager: Mounting plugin CustomMeshComponent
LogPluginManager: Mounting plugin ExampleDeviceProfileSelector
LogPluginManager: Mounting plugin GoogleCloudMessaging
LogPluginManager: Mounting plugin ImmediatePhysics
LogPluginManager: Mounting plugin IOSDeviceProfileSelector
LogPluginManager: Mounting plugin LinuxDeviceProfileSelector
LogPluginManager: Mounting plugin LocationServicesBPLibrary
LogPluginManager: Mounting plugin MobilePatchingUtils
LogPluginManager: Mounting plugin OculusVR
LogPluginManager: Plugin shader directory ../../../Engine/Plugins/Runtime/Oculus/OculusVR/Shaders found
LogPluginManager: Mapping shader source directory ../../../Engine/Plugins/Runtime/Oculus/OculusVR/Shaders to virtual directory /Plugin/OculusVR
LogPluginManager: Mounting plugin PhysXVehicles
LogPluginManager: Mounting plugin ProceduralMeshComponent
LogPluginManager: Mounting plugin RuntimePhysXCooking
LogPluginManager: Mounting plugin SteamVR
LogPluginManager: Mounting plugin WindowsMoviePlayer
LogModuleManager: Display: Found up-to-date module file ../../../../../../Users/Kevin/Documents/GitHub/GameProgramming2/GameProgramming2/Binaries/Win64/UE4Editor-GameProgramming2.dll (API version 3709383).
LogModuleManager: Display: Found up-to-date module file ../../../Engine/Plugins/2D/Paper2D/Binaries/Win64/UE4Editor-Paper2D.dll (API version 3709383).
LogModuleManager: Display: Found up-to-date module file ../../../Engine/Plugins/2D/Paper2D/Binaries/Win64/UE4Editor-Paper2DEditor.dll (API version 3709383).
LogModuleManager: Display: Found up-to-date module file ../../../Engine/Plugins/2D/Paper2D/Binaries/Win64/UE4Editor-PaperSpriteSheetImporter.dll (API version 3709383).
LogModuleManager: Display: Found up-to-date module file ../../../Engine/Plugins/2D/Paper2D/Binaries/Win64/UE4Editor-PaperTiledImporter.dll (API version 3709383).
LogModuleManager: Display: Found up-to-date module file ../../../Engine/Plugins/2D/Paper2D/Binaries/Win64/UE4Editor-SmartSnapping.dll (API version 3709383).
LogModuleManager: Display: Found up-to-date module file ../../../Engine/Plugins/Blendables/LightPropagationVolume/Binaries/Win64/UE4Editor-LightPropagationVolumeRuntime.dll (API version 3709383).
LogModuleManager: Display: Found up-to-date module file ../../../Engine/Plugins/Blendables/LightPropagationVolume/Binaries/Win64/UE4Editor-LightPropagationVolumeEditor.dll (API version 3709383).
LogModuleManager: Display: Found up-to-date module file ../../../Engine/Plugins/Developer/GitSourceControl/Binaries/Win64/UE4Editor-GitSourceControl.dll (API version 3709383).
LogModuleManager: Display: Found up-to-date module file ../../../Engine/Plugins/Developer/PerforceSourceControl/Binaries/Win64/UE4Editor-PerforceSourceControl.dll (API version 3709383).
LogModuleManager: Display: Found up-to-date module file ../../../Engine/Plugins/Developer/SubversionSourceControl/Binaries/Win64/UE4Editor-SubversionSourceControl.dll (API version 3709383).
LogModuleManager: Display: Found up-to-date module file ../../../Engine/Plugins/Developer/UObjectPlugin/Binaries/Win64/UE4Editor-UObjectPlugin.dll (API version 3709383).
LogModuleManager: Display: Found up-to-date module file ../../../Engine/Plugins/Developer/VisualStudioCodeSourceCodeAccess/Binaries/Win64/UE4Editor-VisualStudioCodeSourceCodeAccess.dll (API version 3709383).
LogModuleManager: Display: Found up-to-date module file ../../../Engine/Plugins/Developer/VisualStudioSourceCodeAccess/Binaries/Win64/UE4Editor-VisualStudioSourceCodeAccess.dll (API version 3709383).
LogModuleManager: Display: Found up-to-date module file ../../../Engine/Plugins/Editor/AssetManagerEditor/Binaries/Win64/UE4Editor-AssetManagerEditor.dll (API version 3709383).
LogModuleManager: Display: Found up-to-date module file ../../../Engine/Plugins/Editor/AudioCapture/Binaries/Win64/UE4Editor-AudioCapture.dll (API version 3709383).
LogModuleManager: Display: Found up-to-date module file ../../../Engine/Plugins/Editor/FacialAnimation/Binaries/Win64/UE4Editor-FacialAnimation.dll (API version 3709383).
LogModuleManager: Display: Found up-to-date module file ../../../Engine/Plugins/Editor/FacialAnimation/Binaries/Win64/UE4Editor-FacialAnimationEditor.dll (API version 3709383).
LogModuleManager: Display: Found up-to-date module file ../../../Engine/Plugins/Editor/GameplayTagsEditor/Binaries/Win64/UE4Editor-GameplayTagsEditor.dll (API version 3709383).
LogModuleManager: Display: Found up-to-date module file ../../../Engine/Plugins/Editor/MobileLauncherProfileWizard/Binaries/Win64/UE4Editor-MobileLauncherProfileWizard.dll (API version 3709383).
LogModuleManager: Display: Found up-to-date module file ../../../Engine/Plugins/Editor/PluginBrowser/Binaries/Win64/UE4Editor-PluginBrowser.dll (API version 3709383).
LogModuleManager: Display: Found up-to-date module file ../../../Engine/Plugins/Editor/SpeedTreeImporter/Binaries/Win64/UE4Editor-SpeedTreeImporter.dll (API version 3709383).
LogModuleManager: Display: Found up-to-date module file ../../../Engine/Plugins/Experimental/AlembicImporter/Binaries/Win64/UE4Editor-AlembicImporter.dll (API version 3709383).
LogModuleManager: Display: Found up-to-date module file ../../../Engine/Plugins/Experimental/AlembicImporter/Binaries/Win64/UE4Editor-AlembicLibrary.dll (API version 3709383).
LogModuleManager: Display: Found up-to-date module file ../../../Engine/Plugins/Experimental/CharacterAI/Binaries/Win64/UE4Editor-CharacterAI.dll (API version 3709383).
LogModuleManager: Display: Found up-to-date module file ../../../Engine/Plugins/Experimental/HTML5Networking/Binaries/Win64/UE4Editor-HTML5Networking.dll (API version 3709383).
LogModuleManager: Display: Found up-to-date module file ../../../Engine/Plugins/Media/AndroidMedia/Binaries/Win64/UE4Editor-AndroidMediaEditor.dll (API version 3709383).
LogModuleManager: Display: Found up-to-date module file ../../../Engine/Plugins/Media/AndroidMedia/Binaries/Win64/UE4Editor-AndroidMediaFactory.dll (API version 3709383).
LogModuleManager: Display: Found up-to-date module file ../../../Engine/Plugins/Media/AvfMedia/Binaries/Win64/UE4Editor-AvfMediaEditor.dll (API version 3709383).
LogModuleManager: Display: Found up-to-date module file ../../../Engine/Plugins/Media/AvfMedia/Binaries/Win64/UE4Editor-AvfMediaFactory.dll (API version 3709383).
LogModuleManager: Display: Found up-to-date module file ../../../Engine/Plugins/Media/AvfMedia/Binaries/Win64/UE4Editor-AvfMediaFactory.dll (API version 3709383).
LogModuleManager: Display: Found up-to-date module file ../../../Engine/Plugins/Media/ImgMedia/Binaries/Win64/UE4Editor-ImgMedia.dll (API version 3709383).
LogModuleManager: Display: Found up-to-date module file ../../../Engine/Plugins/Media/ImgMedia/Binaries/Win64/UE4Editor-ImgMediaEditor.dll (API version 3709383).
LogModuleManager: Display: Found up-to-date module file ../../../Engine/Plugins/Media/ImgMedia/Binaries/Win64/UE4Editor-ImgMediaFactory.dll (API version 3709383).
LogModuleManager: Display: Found up-to-date module file ../../../Engine/Plugins/Media/ImgMedia/Binaries/Win64/UE4Editor-ImgMediaFactory.dll (API version 3709383).
LogModuleManager: Display: Found up-to-date module file ../../../Engine/Plugins/Media/ImgMedia/Binaries/Win64/UE4Editor-OpenExrWrapper.dll (API version 3709383).
LogModuleManager: Display: Found up-to-date module file ../../../Engine/Plugins/Media/MediaCompositing/Binaries/Win64/UE4Editor-MediaCompositing.dll (API version 3709383).
LogModuleManager: Display: Found up-to-date module file ../../../Engine/Plugins/Media/MediaCompositing/Binaries/Win64/UE4Editor-MediaCompositingEditor.dll (API version 3709383).
LogModuleManager: Display: Found up-to-date module file ../../../Engine/Plugins/Media/MediaPlayerEditor/Binaries/Win64/UE4Editor-MediaPlayerEditor.dll (API version 3709383).
LogModuleManager: Display: Found up-to-date module file ../../../Engine/Plugins/Media/WmfMedia/Binaries/Win64/UE4Editor-WmfMedia.dll (API version 3709383).
LogModuleManager: Display: Found up-to-date module file ../../../Engine/Plugins/Media/WmfMedia/Binaries/Win64/UE4Editor-WmfMediaEditor.dll (API version 3709383).
LogModuleManager: Display: Found up-to-date module file ../../../Engine/Plugins/Media/WmfMedia/Binaries/Win64/UE4Editor-WmfMediaFactory.dll (API version 3709383).
LogModuleManager: Display: Found up-to-date module file ../../../Engine/Plugins/Media/WmfMedia/Binaries/Win64/UE4Editor-WmfMediaFactory.dll (API version 3709383).
LogModuleManager: Display: Found up-to-date module file ../../../Engine/Plugins/Messaging/TcpMessaging/Binaries/Win64/UE4Editor-TcpMessaging.dll (API version 3709383).
LogModuleManager: Display: Found up-to-date module file ../../../Engine/Plugins/Messaging/UdpMessaging/Binaries/Win64/UE4Editor-UdpMessaging.dll (API version 3709383).
LogModuleManager: Display: Found up-to-date module file ../../../Engine/Plugins/MovieScene/ActorSequence/Binaries/Win64/UE4Editor-ActorSequence.dll (API version 3709383).
LogModuleManager: Display: Found up-to-date module file ../../../Engine/Plugins/MovieScene/LevelSequenceEditor/Binaries/Win64/UE4Editor-LevelSequenceEditor.dll (API version 3709383).
LogModuleManager: Display: Found up-to-date module file ../../../Engine/Plugins/MovieScene/MatineeToLevelSequence/Binaries/Win64/UE4Editor-MatineeToLevelSequence.dll (API version 3709383).
LogModuleManager: Display: Found up-to-date module file ../../../Engine/Plugins/Online/OnlineSubsystem/Binaries/Win64/UE4Editor-OnlineSubsystem.dll (API version 3709383).
LogModuleManager: Display: Found up-to-date module file ../../../Engine/Plugins/Online/OnlineSubsystemNull/Binaries/Win64/UE4Editor-OnlineSubsystemNull.dll (API version 3709383).
LogModuleManager: Display: Found up-to-date module file ../../../Engine/Plugins/Online/OnlineSubsystemUtils/Binaries/Win64/UE4Editor-OnlineSubsystemUtils.dll (API version 3709383).
LogModuleManager: Display: Found up-to-date module file ../../../Engine/Plugins/Online/OnlineSubsystemUtils/Binaries/Win64/UE4Editor-OnlineBlueprintSupport.dll (API version 3709383).
LogModuleManager: Display: Found up-to-date module file ../../../Engine/Plugins/Runtime/AndroidDeviceProfileSelector/Binaries/Win64/UE4Editor-AndroidDeviceProfileSelector.dll (API version 3709383).
LogModuleManager: Display: Found up-to-date module file ../../../Engine/Plugins/Runtime/AndroidPermission/Binaries/Win64/UE4Editor-AndroidPermission.dll (API version 3709383).
LogModuleManager: Display: Found up-to-date module file ../../../Engine/Plugins/Runtime/AppleARKit/Binaries/Win64/UE4Editor-AppleARKit.dll (API version 3709383).
LogModuleManager: Display: Found up-to-date module file ../../../Engine/Plugins/Runtime/ArchVisCharacter/Binaries/Win64/UE4Editor-ArchVisCharacter.dll (API version 3709383).
LogModuleManager: Display: Found up-to-date module file ../../../Engine/Plugins/Runtime/CableComponent/Binaries/Win64/UE4Editor-CableComponent.dll (API version 3709383).
LogModuleManager: Display: Found up-to-date module file ../../../Engine/Plugins/Runtime/CustomMeshComponent/Binaries/Win64/UE4Editor-CustomMeshComponent.dll (API version 3709383).
LogModuleManager: Display: Found up-to-date module file ../../../Engine/Plugins/Runtime/ExampleDeviceProfileSelector/Binaries/Win64/UE4Editor-ExampleDeviceProfileSelector.dll (API version 3709383).
LogModuleManager: Display: Found up-to-date module file ../../../Engine/Plugins/Runtime/ImmediatePhysics/Binaries/Win64/UE4Editor-ImmediatePhysics.dll (API version 3709383).
LogModuleManager: Display: Found up-to-date module file ../../../Engine/Plugins/Runtime/ImmediatePhysics/Binaries/Win64/UE4Editor-ImmediatePhysicsEditor.dll (API version 3709383).
LogModuleManager: Display: Found up-to-date module file ../../../Engine/Plugins/Runtime/LocationServicesBPLibrary/Binaries/Win64/UE4Editor-LocationServicesBPLibrary.dll (API version 3709383).
LogModuleManager: Display: Found up-to-date module file ../../../Engine/Plugins/Runtime/MobilePatchingUtils/Binaries/Win64/UE4Editor-MobilePatchingUtils.dll (API version 3709383).
LogModuleManager: Display: Found up-to-date module file ../../../Engine/Plugins/Runtime/Oculus/OculusVR/Binaries/Win64/UE4Editor-OculusHMD.dll (API version 3709383).
LogModuleManager: Display: Found up-to-date module file ../../../Engine/Plugins/Runtime/Oculus/OculusVR/Binaries/Win64/UE4Editor-OculusInput.dll (API version 3709383).
LogModuleManager: Display: Found up-to-date module file ../../../Engine/Plugins/Runtime/Oculus/OculusVR/Binaries/Win64/UE4Editor-OculusEditor.dll (API version 3709383).
LogModuleManager: Display: Found up-to-date module file ../../../Engine/Plugins/Runtime/PhysXVehicles/Binaries/Win64/UE4Editor-PhysXVehicles.dll (API version 3709383).
LogModuleManager: Display: Found up-to-date module file ../../../Engine/Plugins/Runtime/PhysXVehicles/Binaries/Win64/UE4Editor-PhysXVehiclesEditor.dll (API version 3709383).
LogModuleManager: Display: Found up-to-date module file ../../../Engine/Plugins/Runtime/ProceduralMeshComponent/Binaries/Win64/UE4Editor-ProceduralMeshComponent.dll (API version 3709383).
LogModuleManager: Display: Found up-to-date module file ../../../Engine/Plugins/Runtime/ProceduralMeshComponent/Binaries/Win64/UE4Editor-ProceduralMeshComponentEditor.dll (API version 3709383).
LogModuleManager: Display: Found up-to-date module file ../../../Engine/Plugins/Runtime/RuntimePhysXCooking/Binaries/Win64/UE4Editor-RuntimePhysXCooking.dll (API version 3709383).
LogModuleManager: Display: Found up-to-date module file ../../../Engine/Plugins/Runtime/Steam/SteamVR/Binaries/Win64/UE4Editor-SteamVR.dll (API version 3709383).
LogModuleManager: Display: Found up-to-date module file ../../../Engine/Plugins/Runtime/Steam/SteamVR/Binaries/Win64/UE4Editor-SteamVRController.dll (API version 3709383).
LogModuleManager: Display: Found up-to-date module file ../../../Engine/Plugins/Runtime/WindowsMoviePlayer/Binaries/Win64/UE4Editor-WindowsMoviePlayer.dll (API version 3709383).
LogInit: Using libcurl 7.47.1
LogInit:  - built for x86_64-pc-win32
LogInit:  - supports SSL with OpenSSL/1.0.2g
LogInit:  - supports HTTP deflate (compression) using libz 1.2.8
LogInit:  - other features:
LogInit:      CURL_VERSION_SSL
LogInit:      CURL_VERSION_LIBZ
LogInit:      CURL_VERSION_IPV6
LogInit:      CURL_VERSION_ASYNCHDNS
LogInit:      CURL_VERSION_LARGEFILE
LogInit:      CURL_VERSION_IDN
LogInit:  CurlRequestOptions (configurable via config and command line):
LogInit:  - bVerifyPeer = false  - Libcurl will NOT verify peer certificate
LogInit:  - bUseHttpProxy = false  - Libcurl will NOT use HTTP proxy
LogInit:  - bDontReuseConnections = false  - Libcurl will reuse connections
LogInit:  - CertBundlePath = nullptr  - Libcurl will use whatever was configured at build time.
LogInit: Build: ++UE4+Release-4.18-CL-3832480
LogInit: Engine Version: 4.18.3-3832480+++UE4+Release-4.18
LogInit: Compatible Engine Version: 4.18.0-3709383+++UE4+Release-4.18
LogInit: Net CL: 3709383
LogDevObjectVersion: Number of dev versions registered: 16
LogDevObjectVersion:   Dev-Blueprints (B0D832E4-1F89-4F0D-ACCF-7EB736FD4AA2): 10
LogDevObjectVersion:   Dev-Build (E1C64328-A22C-4D53-A36C-8E866417BD8C): 0
LogDevObjectVersion:   Dev-Core (375EC13C-06E4-48FB-B500-84F0262A717E): 2
LogDevObjectVersion:   Dev-Editor (E4B068ED-F494-42E9-A231-DA0B2E46BB41): 20
LogDevObjectVersion:   Dev-Framework (CFFC743F-43B0-4480-9391-14DF171D2073): 30
LogDevObjectVersion:   Dev-Mobile (B02B49B5-BB20-44E9-A304-32B752E40360): 0
LogDevObjectVersion:   Dev-Networking (A4E4105C-59A1-49B5-A7C5-40C4547EDFEE): 0
LogDevObjectVersion:   Dev-Online (39C831C9-5AE6-47DC-9A44-9C173E1C8E7C): 0
LogDevObjectVersion:   Dev-Physics (78F01B33-EBEA-4F98-B9B4-84EACCB95AA2): 0
LogDevObjectVersion:   Dev-Platform (6631380F-2D4D-43E0-8009-CF276956A95A): 0
LogDevObjectVersion:   Dev-Rendering (12F88B9F-8875-4AFC-A67C-D90C383ABD29): 20
LogDevObjectVersion:   Dev-Sequencer (7B5AE74C-D270-4C10-A958-57980B212A5A): 4
LogDevObjectVersion:   Dev-VR (D7296918-1DD6-4BDD-9DE2-64A83CC13884): 0
LogDevObjectVersion:   Dev-LoadTimes (C2A15278-BFE7-4AFE-6C17-90FF531DF755): 1
LogDevObjectVersion:   Private-Geometry (6EACA3D4-40EC-4CC1-B786-8BED09428FC5): 1
LogDevObjectVersion:   Dev-AnimPhys (29E575DD-E0A3-4627-9D10-D276232CDCEA): 12
LogInit: Compiled (64-bit): Jan 12 2018 02:04:55
LogInit: Compiled with Visual C++: 19.00.24215.01
LogInit: Build Configuration: Development
LogInit: Branch Name: ++UE4+Release-4.18
LogInit: Command line:  
LogInit: Base directory: C:/Program Files/Epic Games/UE_4.18/Engine/Binaries/Win64/
LogInit: Installed Engine Build: 1
LogInit: Presizing for max 8388607 objects, including 0 objects not considered by GC, pre-allocating 0 bytes for permanent pool.
LogInit: Object subsystem initialized
[2018.02.20-00.44.23:482][  0]LogInit: Selected Device Profile: [Windows]
[2018.02.20-00.44.23:482][  0]LogInit: Applying CVar settings loaded from the selected device profile: [Windows]
[2018.02.20-00.44.23:561][  0]LogInit: Computer: DESKTOP-0G6PPNL
[2018.02.20-00.44.23:561][  0]LogInit: User: Kevin
[2018.02.20-00.44.23:561][  0]LogInit: CPU Page size=4096, Cores=2
[2018.02.20-00.44.23:561][  0]LogInit: High frequency timer resolution =2.338338 MHz
[2018.02.20-00.44.23:562][  0]LogMemory: Memory total: Physical=15.9GB (16GB approx)
[2018.02.20-00.44.23:562][  0]LogMemory: Platform Memory Stats for Windows
[2018.02.20-00.44.23:562][  0]LogMemory: Process Physical Memory: 274.05 MB used, 274.05 MB peak
[2018.02.20-00.44.23:562][  0]LogMemory: Process Virtual Memory: 269.21 MB used, 269.21 MB peak
[2018.02.20-00.44.23:562][  0]LogMemory: Physical Memory: 2725.04 MB used,  13573.42 MB free, 16298.45 MB total
[2018.02.20-00.44.23:562][  0]LogMemory: Virtual Memory: 673.80 MB used,  13573.42 MB free, 134217728.00 MB total
[2018.02.20-00.44.23:916][  0]LogInit: Using OS detected language (en-US).
[2018.02.20-00.44.23:916][  0]LogInit: Using OS detected locale (en-US).
[2018.02.20-00.44.24:104][  0]LogTextLocalizationManager: No specific localization for 'en-US' exists, so the 'en' localization will be used.
[2018.02.20-00.44.25:010][  0]LogInit: Setting process to per monitor DPI aware
[2018.02.20-00.44.28:609][  0]LogD3D11RHI: D3D11 adapters:
[2018.02.20-00.44.28:702][  0]LogD3D11RHI:    0. 'NVIDIA GeForce 840M' (Feature Level 11_0)
[2018.02.20-00.44.28:702][  0]LogD3D11RHI:       2020/0/8149 MB DedicatedVideo/DedicatedSystem/SharedSystem, Outputs:1, VendorId:0x10de
[2018.02.20-00.44.28:712][  0]LogD3D11RHI:    1. 'Intel(R) HD Graphics 5500' (Feature Level 11_0)
[2018.02.20-00.44.28:712][  0]LogD3D11RHI:       128/0/8149 MB DedicatedVideo/DedicatedSystem/SharedSystem, Outputs:0, VendorId:0x8086
[2018.02.20-00.44.28:717][  0]LogD3D11RHI:    2. 'Microsoft Basic Render Driver' (Feature Level 11_0)
[2018.02.20-00.44.28:717][  0]LogD3D11RHI:       0/0/8149 MB DedicatedVideo/DedicatedSystem/SharedSystem, Outputs:0, VendorId:0x1414
[2018.02.20-00.44.28:717][  0]LogD3D11RHI: Chosen D3D11 Adapter: 0
[2018.02.20-00.44.28:725][  0]LogD3D11RHI: Creating new Direct3DDevice
[2018.02.20-00.44.28:725][  0]LogD3D11RHI:     GPU DeviceId: 0x1341 (for the marketing name, search the web for "GPU Device Id")
[2018.02.20-00.44.28:725][  0]LogWindows: EnumDisplayDevices:
[2018.02.20-00.44.28:725][  0]LogWindows:    0. 'Intel(R) HD Graphics 5500' (P:1 D:1)
[2018.02.20-00.44.28:726][  0]LogWindows:    1. 'Intel(R) HD Graphics 5500' (P:0 D:0)
[2018.02.20-00.44.28:726][  0]LogWindows:    2. 'Intel(R) HD Graphics 5500' (P:0 D:0)
[2018.02.20-00.44.28:726][  0]LogWindows: DebugString: GetVideoDriverDetailsInvalid PrimaryIsNotTheChoosenAdapter GetVideoDriverDetailsInvalid PrimaryIsNotTheChoosenAdapter GetVideoDriverDetailsInvalid PrimaryIsNotTheChoosenAdapter FoundDriverCount:0 
[2018.02.20-00.44.28:726][  0]LogD3D11RHI:     Adapter Name: NVIDIA GeForce 840M
[2018.02.20-00.44.28:726][  0]LogD3D11RHI:   Driver Version: Unknown (internal:Unknown, unified:Unknown)
[2018.02.20-00.44.28:726][  0]LogD3D11RHI:      Driver Date: Unknown
[2018.02.20-00.44.28:726][  0]LogRHI: Texture pool is 1414 MB (70% of 2020 MB)
[2018.02.20-00.44.28:762][  0]LogD3D11RHI: Async texture creation enabled
[2018.02.20-00.44.28:780][  0]LogD3D11RHI: GPU Timing Frequency: 1000.000000 (Debug: 2 1)
[2018.02.20-00.44.28:781][  0]LogShaderCompilers: Guid format shader working directory is -34 characters bigger than the processId version (../../../../../../Users/Kevin/Documents/GitHub/GameProgramming2/GameProgramming2/Intermediate/Shaders/WorkingDirectory/4720/).
[2018.02.20-00.44.28:781][  0]LogShaderCompilers: Cleaned the shader compiler working directory 'C:/Users/Kevin/AppData/Local/Temp/UnrealShaderWorkingDir/F8ED3F224F4384E06F2B7CAE644D2AE2/'.
[2018.02.20-00.44.28:782][  0]LogShaderCompilers: Display: Using Local Shader Compiler.
[2018.02.20-00.44.33:695][  0]LogTemp: Display: Loaded TP AllDesktopTargetPlatform
[2018.02.20-00.44.33:787][  0]LogTemp: Display: Loaded TP MacClientTargetPlatform
[2018.02.20-00.44.33:880][  0]LogTemp: Display: Loaded TP MacNoEditorTargetPlatform
[2018.02.20-00.44.33:971][  0]LogTemp: Display: Loaded TP MacServerTargetPlatform
[2018.02.20-00.44.34:118][  0]LogTemp: Display: Loaded TP MacTargetPlatform
[2018.02.20-00.44.34:221][  0]LogTemp: Display: Loaded TP WindowsClientTargetPlatform
[2018.02.20-00.44.34:313][  0]LogTemp: Display: Loaded TP WindowsNoEditorTargetPlatform
[2018.02.20-00.44.34:405][  0]LogTemp: Display: Loaded TP WindowsServerTargetPlatform
[2018.02.20-00.44.34:489][  0]LogTemp: Display: Loaded TP WindowsTargetPlatform
[2018.02.20-00.44.34:580][  0]LogTemp: Display: Loaded TP Android_ASTCTargetPlatform
[2018.02.20-00.44.34:669][  0]LogTemp: Display: Loaded TP Android_ATCTargetPlatform
[2018.02.20-00.44.34:761][  0]LogTemp: Display: Loaded TP Android_DXTTargetPlatform
[2018.02.20-00.44.34:849][  0]LogTemp: Display: Loaded TP Android_ETC1TargetPlatform
[2018.02.20-00.44.34:939][  0]LogTemp: Display: Loaded TP Android_ETC2TargetPlatform
[2018.02.20-00.44.35:186][  0]LogTemp: Display: Loaded TP Android_MultiTargetPlatform
[2018.02.20-00.44.35:186][  0]LogTemp: Display: Loaded TP Android_PVRTCTargetPlatform
[2018.02.20-00.44.35:347][  0]LogTemp: Display: Loaded TP AndroidTargetPlatform
[2018.02.20-00.44.35:463][  0]LogTemp: Display: Loaded TP HTML5TargetPlatform
[2018.02.20-00.44.35:766][  0]LogTemp: Display: Loaded TP IOSTargetPlatform
[2018.02.20-00.44.35:826][  0]LogTemp: Display: Loaded TP TVOSTargetPlatform
[2018.02.20-00.44.35:972][  0]LogTemp: Display: Loaded TP LinuxClientTargetPlatform
[2018.02.20-00.44.36:146][  0]LogTemp: Display: Loaded TP LinuxNoEditorTargetPlatform
[2018.02.20-00.44.36:247][  0]LogTemp: Display: Loaded TP LinuxServerTargetPlatform
[2018.02.20-00.44.36:350][  0]LogTemp: Display: Loaded TP LinuxTargetPlatform
[2018.02.20-00.44.36:350][  0]LogTargetPlatformManager: Display: Building Assets For Windows
[2018.02.20-00.44.37:733][  0]LogDerivedDataCache: Display: Max Cache Size: 512 MB
[2018.02.20-00.44.38:939][  0]LogDerivedDataCache: Loaded boot cache 1.21s 79MB C:/Users/Kevin/AppData/Local/UnrealEngine/4.18/DerivedDataCache/Boot.ddc.
[2018.02.20-00.44.38:940][  0]LogDerivedDataCache: Display: Loaded Boot cache: C:/Users/Kevin/AppData/Local/UnrealEngine/4.18/DerivedDataCache/Boot.ddc
[2018.02.20-00.44.38:940][  0]LogDerivedDataCache: FDerivedDataBackendGraph:  Pak pak cache file ../../../../../../Users/Kevin/Documents/GitHub/GameProgramming2/GameProgramming2/DerivedDataCache/DDC.ddp not found, will not use a pak cache.
[2018.02.20-00.44.38:940][  0]LogDerivedDataCache: Unable to find inner node Pak for hierarchical cache Hierarchy.
[2018.02.20-00.44.38:940][  0]LogDerivedDataCache: FDerivedDataBackendGraph:  CompressedPak pak cache file ../../../../../../Users/Kevin/Documents/GitHub/GameProgramming2/GameProgramming2/DerivedDataCache/Compressed.ddp not found, will not use a pak cache.
[2018.02.20-00.44.38:940][  0]LogDerivedDataCache: Unable to find inner node CompressedPak for hierarchical cache Hierarchy.
[2018.02.20-00.44.39:023][  0]LogDerivedDataCache: Display: Pak cache opened for reading ../../../Engine/DerivedDataCache/Compressed.ddp.
[2018.02.20-00.44.39:046][  0]LogDerivedDataCache: Using Local data cache path C:/Users/Kevin/AppData/Local/UnrealEngine/Common/DerivedDataCache: Writable
[2018.02.20-00.44.39:069][  0]LogMaterial: Verifying Global Shaders for PCD3D_SM5
[2018.02.20-00.44.39:069][  0]LogSlate: Using Freetype 2.6.0
[2018.02.20-00.44.39:102][  0]LogSlate: SlateFontCache - WITH_FREETYPE: 1, WITH_HARFBUZZ: 1
[2018.02.20-00.44.39:103][  0]LogSlate: SlateFontCache - WITH_FREETYPE: 1, WITH_HARFBUZZ: 1
[2018.02.20-00.44.42:708][  0]LogInit: Selected Device Profile: [Windows]
[2018.02.20-00.44.43:852][  0]LogSimplygon: Simplygon DLL not present - disabling.
[2018.02.20-00.44.43:946][  0]LogMeshReduction: Using SimplygonSwarm for distributed automatic mesh merging
[2018.02.20-00.44.43:946][  0]LogMeshReduction: Using QuadricMeshReduction for automatic static mesh reduction
[2018.02.20-00.44.43:946][  0]LogMeshReduction: No automatic skeletal mesh reduction module available
[2018.02.20-00.44.43:946][  0]LogMeshReduction: No automatic mesh merging module available
[2018.02.20-00.44.43:946][  0]LogMeshMerging: No automatic mesh merging module available
[2018.02.20-00.44.44:126][  0]LogNetVersion: GameProgramming2 , NetCL: 3709383, EngineNetVer: 2, GameNetVer: 0 (Checksum: 1943734151)
[2018.02.20-00.44.45:198][  0]LogAssetRegistry: FAssetRegistry took 0.0288 seconds to start up
[2018.02.20-00.44.54:062][  0]LogPackageLocalizationCache: Processed 7 localized package path(s) for 2 prioritized culture(s) in 0.113260 seconds
[2018.02.20-00.44.54:072][  0]LogUObjectArray: 35870 objects as part of root set at end of initial load.
[2018.02.20-00.44.54:072][  0]LogUObjectAllocator: 7363696 out of 0 bytes used by permanent object pool.
[2018.02.20-00.44.54:072][  0]LogUObjectArray: CloseDisregardForGC: 0/0 objects in disregard for GC pool
[2018.02.20-00.44.54:189][  0]LogInit: WinSock: version 1.1 (2.2), MaxSocks=32767, MaxUdp=65467
[2018.02.20-00.45.25:562][  0]LogTcpMessaging: Initializing TcpMessaging bridge
[2018.02.20-00.45.25:641][  0]LogUdpMessaging: Initializing bridge on interface 0.0.0.0:0 to multicast group 230.0.0.1:6666.
[2018.02.20-00.45.29:946][  0]LogMaterial: Uniform references updated for custom material expression Custom.
[2018.02.20-00.45.30:982][  0]SourceControl: Source control is disabled
[2018.02.20-00.45.30:982][  0]SourceControl: Source control is disabled
[2018.02.20-00.45.31:078][  0]SourceControl: Source control is disabled
[2018.02.20-00.45.31:236][  0]SourceControl: Source control is disabled
[2018.02.20-00.45.33:527][  0]LogAndroidPermission: UAndroidPermissionCallbackProxy::GetInstance
[2018.02.20-00.45.34:015][  0]LogOcInput: OculusInput pre-init called
[2018.02.20-00.45.34:574][  0]LogEngine: Initializing Engine...
[2018.02.20-00.45.34:578][  0]LogHMD: Failed to initialize OpenVR with code 110
[2018.02.20-00.45.35:410][  0]LogStats: UGameplayTagsManager::ConstructGameplayTagTree: Construct from data asset -  0.000 s
[2018.02.20-00.45.35:410][  0]LogStats: UGameplayTagsManager::ConstructGameplayTagTree: GameplayTagTreeChangedEvent.Broadcast -  0.000 s
[2018.02.20-00.45.35:658][  0]LogAIModule: Creating AISystem for world Untitled
[2018.02.20-00.45.35:671][  0]LogInit: XAudio2 using 'Speakers (Conexant SmartAudio HD)' : 2 channels at 44.1 kHz using 32 bits per sample (channel mask 0x3)
[2018.02.20-00.45.35:744][  0]LogInit: FAudioDevice initialized.
[2018.02.20-00.45.36:012][  0]LogDerivedDataCache: Saved boot cache 0.27s 79MB C:/Users/Kevin/AppData/Local/UnrealEngine/4.18/DerivedDataCache/Boot.ddc.
[2018.02.20-00.45.36:031][  0]LogInit: Texture streaming: Enabled
[2018.02.20-00.45.36:219][  0]LogEngineSessionManager: EngineSessionManager initialized
[2018.02.20-00.45.36:464][  0]LogInit: Transaction tracking system initialized
[2018.02.20-00.45.37:156][  0]BlueprintLog: New page: Editor Load
[2018.02.20-00.45.39:129][  0]LocalizationService: Localization service is disabled
[2018.02.20-00.45.40:815][  0]LogConsoleResponse: Display: 
[2018.02.20-00.45.43:551][  0]LogFileCache: Scanning file cache for directory 'C:/Users/Kevin/Documents/GitHub/GameProgramming2/GameProgramming2/Content/' took 0.02s
[2018.02.20-00.45.43:551][  0]LogCook: Display: Max memory allowance for cook 16384mb min free memory 0mb
[2018.02.20-00.45.43:551][  0]LogCook: Display: Mobile HDR setting 1
[2018.02.20-00.45.43:551][  0]LogGameplayTags: Display: UGameplayTagsManager::DoneAddingNativeTags. DelegateIsBound: 0
[2018.02.20-00.45.46:729][  0]SourceControl: Source control is disabled
[2018.02.20-00.45.46:729][  0]Cmd: MAP LOAD FILE="../../../../../../Users/Kevin/Documents/GitHub/GameProgramming2/GameProgramming2/Content/FirstPersonCPP/Maps/FirstPersonExampleMap.umap" TEMPLATE=0 SHOWPROGRESS=1 FEATURELEVEL=3
[2018.02.20-00.45.46:747][  0]LightingResults: New page: Lighting Build
[2018.02.20-00.45.46:839][  0]MapCheck: New page: Map Check
[2018.02.20-00.45.46:839][  0]LightingResults: New page: Lighting Build
[2018.02.20-00.45.48:216][  0]LogAIModule: Creating AISystem for world FirstPersonExampleMap
[2018.02.20-00.45.48:306][  0]LogEditorServer: Finished looking for orphan Actors (0.000 secs)
[2018.02.20-00.45.48:330][  0]Cmd: MAP CHECKDEP NOCLEARLOG
[2018.02.20-00.45.48:422][  0]MapCheck: Map check complete: 0 Error(s), 0 Warning(s), took 91.984ms to complete.
[2018.02.20-00.45.48:422][  0]LogFileHelpers: Loading map 'FirstPersonExampleMap' took 1.693
[2018.02.20-00.45.48:885][  0]LogCollectionManager: Loaded 0 collections in 0.002708 seconds
[2018.02.20-00.45.49:004][  0]LogFileCache: Scanning file cache for directory 'C:/Users/Kevin/Documents/GitHub/GameProgramming2/GameProgramming2/Saved/Collections/' took 0.01s
[2018.02.20-00.45.49:004][  0]LogFileCache: Scanning file cache for directory 'C:/Users/Kevin/Documents/GitHub/GameProgramming2/GameProgramming2/Content/Developers/Kevin/Collections/' took 0.01s
[2018.02.20-00.45.49:004][  0]LogFileCache: Scanning file cache for directory 'C:/Users/Kevin/Documents/GitHub/GameProgramming2/GameProgramming2/Content/Collections/' took 0.01s
[2018.02.20-00.45.49:004][  0]LogCollectionManager: Rebuilt the GUID cache for 0 collections in 0.000000 seconds
[2018.02.20-00.45.49:018][  0]LogContentBrowser: Native class hierarchy populated in 0.0136 seconds. Added 2367 classes and 521 folders.
[2018.02.20-00.45.49:180][  0]LogContentBrowser: Native class hierarchy updated for 'WidgetCarousel' in 0.0010 seconds. Added 0 classes and 0 folders.
[2018.02.20-00.45.51:303][  0]LogContentBrowser: Native class hierarchy updated for 'AddContentDialog' in 0.0027 seconds. Added 0 classes and 0 folders.
[2018.02.20-00.45.51:449][  0]LogContentBrowser: Native class hierarchy updated for 'SceneOutliner' in 0.0012 seconds. Added 1 classes and 2 folders.
[2018.02.20-00.45.51:628][  0]LogSlate: Took 0.017721 seconds to synchronously load lazily loaded font '../../../Engine/Content/Slate/Fonts/Roboto-Regular.ttf' (155K)
[2018.02.20-00.45.51:647][  0]LogSlate: Took 0.012705 seconds to synchronously load lazily loaded font '../../../Engine/Content/Slate/Fonts/Roboto-Bold.ttf' (160K)
[2018.02.20-00.45.51:680][  0]LogSlate: Took 0.005830 seconds to synchronously load lazily loaded font '../../../Engine/Content/Editor/Slate/Fonts/FontAwesome.ttf' (139K)
[2018.02.20-00.45.52:191][  0]LogRenderer: Reallocating scene render targets to support 1208x680 Format 10 NumSamples 1 (Frame:1).
[2018.02.20-00.45.52:516][  0]LogContentBrowser: Native class hierarchy updated for 'HierarchicalLODOutliner' in 0.0012 seconds. Added 1 classes and 2 folders.
[2018.02.20-00.45.52:516][  0]LogLoad: (Engine Initialization) Total time: 104.56 seconds
[2018.02.20-00.45.52:516][  0]LogLoad: (Engine Initialization) Total Blueprint compile time: 0.00 seconds
[2018.02.20-00.45.52:517][  0]LogExternalProfiler: No external profilers were discovered.  External profiling features will not be available.
[2018.02.20-00.45.52:535][  0]LogWindowsTextInputMethodSystem: Display: IME system now deactivated.
[2018.02.20-00.45.52:553][  0]LogContentStreaming: Texture pool size now 1000 MB
[2018.02.20-00.45.52:710][  0]LogSlate: Took 0.012213 seconds to synchronously load lazily loaded font '../../../Engine/Content/Slate/Fonts/Roboto-Light.ttf' (159K)
[2018.02.20-00.45.52:841][  2]LogAssetRegistry: Asset discovery search completed in 67.6640 seconds
[2018.02.20-00.45.52:843][  2]LogCollectionManager: Rebuilt the object cache for 0 collections in 0.000000 seconds (found 0 objects)
[2018.02.20-00.45.52:843][  2]LogCollectionManager: Fixed up redirectors for 0 collections in 0.000069 seconds (updated 0 objects)
[2018.02.20-00.55.46:522][462]LogRenderer: Reallocating scene render targets to support 1212x680 Format 10 NumSamples 1 (Frame:26459).
[2018.02.20-00.55.46:579][463]LogRenderer: Reallocating scene render targets to support 1236x680 Format 10 NumSamples 1 (Frame:26461).
[2018.02.20-00.55.46:711][464]LogRenderer: Reallocating scene render targets to support 1280x680 Format 10 NumSamples 1 (Frame:26463).
[2018.02.20-00.55.46:796][465]LogRenderer: Reallocating scene render targets to support 1316x680 Format 10 NumSamples 1 (Frame:26465).
[2018.02.20-00.55.46:869][466]LogRenderer: Reallocating scene render targets to support 1324x680 Format 10 NumSamples 1 (Frame:26467).
[2018.02.20-00.55.46:960][467]LogRenderer: Reallocating scene render targets to support 1340x680 Format 10 NumSamples 1 (Frame:26469).
[2018.02.20-00.55.47:034][468]LogRenderer: Reallocating scene render targets to support 1352x680 Format 10 NumSamples 1 (Frame:26471).
[2018.02.20-00.55.47:095][469]LogRenderer: Reallocating scene render targets to support 1356x680 Format 10 NumSamples 1 (Frame:26473).
[2018.02.20-00.55.49:337][556]LogRenderer: Reallocating scene render targets to support 1364x680 Format 10 NumSamples 1 (Frame:26544).
[2018.02.20-00.55.49:412][557]LogRenderer: Reallocating scene render targets to support 1376x680 Format 10 NumSamples 1 (Frame:26546).
[2018.02.20-00.55.49:485][558]LogRenderer: Reallocating scene render targets to support 1392x680 Format 10 NumSamples 1 (Frame:26548).
[2018.02.20-00.55.49:554][559]LogRenderer: Reallocating scene render targets to support 1400x680 Format 10 NumSamples 1 (Frame:26550).
[2018.02.20-00.55.49:627][560]LogRenderer: Reallocating scene render targets to support 1404x680 Format 10 NumSamples 1 (Frame:26552).
[2018.02.20-00.55.49:692][561]LogRenderer: Reallocating scene render targets to support 1440x680 Format 10 NumSamples 1 (Frame:26554).
[2018.02.20-00.55.49:770][562]LogRenderer: Reallocating scene render targets to support 1472x680 Format 10 NumSamples 1 (Frame:26556).
[2018.02.20-00.55.49:837][563]LogRenderer: Reallocating scene render targets to support 1480x680 Format 10 NumSamples 1 (Frame:26558).
[2018.02.20-00.55.54:776][750]LogTemp: Repeating last play command: Selected Viewport
[2018.02.20-00.55.59:472][750]LogBlueprintUserMessages: Early PlayInEditor Detection: Level '/Game/FirstPersonCPP/Maps/FirstPersonExampleMap.FirstPersonExampleMap:PersistentLevel' has LevelScriptBlueprint '/Game/FirstPersonCPP/Maps/FirstPersonExampleMap.FirstPersonExampleMap:PersistentLevel.FirstPersonExampleMap' with GeneratedClass '/Game/FirstPersonCPP/Maps/FirstPersonExampleMap.FirstPersonExampleMap_C' with ClassGeneratedBy '/Game/FirstPersonCPP/Maps/FirstPersonExampleMap.FirstPersonExampleMap:PersistentLevel.FirstPersonExampleMap'
[2018.02.20-00.55.59:507][750]LogPlayLevel: PlayLevel: No blueprints needed recompiling
[2018.02.20-00.55.59:681][750]PIE: New page: PIE session: FirstPersonExampleMap (Feb 19, 2018, 12:55:59 PM)
[2018.02.20-00.55.59:708][750]LogPlayLevel: Creating play world package: /Game/FirstPersonCPP/Maps/UEDPIE_0_FirstPersonExampleMap
[2018.02.20-00.55.59:870][750]LogPlayLevel: PIE: StaticDuplicateObject took: (0.162335s)
[2018.02.20-00.55.59:872][750]LogAIModule: Creating AISystem for world FirstPersonExampleMap
[2018.02.20-00.55.59:884][750]LogPlayLevel: PIE: World Init took: (0.013600s)
[2018.02.20-00.55.59:901][750]LogPlayLevel: PIE: Created PIE world by copying editor world from /Game/FirstPersonCPP/Maps/FirstPersonExampleMap.FirstPersonExampleMap to /Game/FirstPersonCPP/Maps/UEDPIE_0_FirstPersonExampleMap.FirstPersonExampleMap (0.193140s)
[2018.02.20-00.55.59:956][750]LogInit: XAudio2 using 'Speakers (Conexant SmartAudio HD)' : 2 channels at 44.1 kHz using 32 bits per sample (channel mask 0x3)
[2018.02.20-00.55.59:982][750]LogInit: FAudioDevice initialized.
[2018.02.20-00.56.00:068][750]LogLoad: Game class is 'GameProgramming2GameMode'
[2018.02.20-00.56.00:261][750]LogWorld: Bringing World /Game/FirstPersonCPP/Maps/UEDPIE_0_FirstPersonExampleMap.FirstPersonExampleMap up for play (max tick rate 60) at 2018.02.19-18.56.00
[2018.02.20-00.56.00:336][750]LogWorld: Bringing up level for play took: 0.090874
[2018.02.20-00.56.00:809][750]LogContentBrowser: Native class hierarchy updated for 'MovieSceneCapture' in 0.0014 seconds. Added 11 classes and 0 folders.
[2018.02.20-00.56.00:922][750]PIE: Play in editor start time for /Game/FirstPersonCPP/Maps/UEDPIE_0_FirstPersonExampleMap 1.948
[2018.02.20-00.56.00:924][750]LogBlueprintUserMessages: Late PlayInEditor Detection: Level '/Game/FirstPersonCPP/Maps/FirstPersonExampleMap.FirstPersonExampleMap:PersistentLevel' has LevelScriptBlueprint '/Game/FirstPersonCPP/Maps/FirstPersonExampleMap.FirstPersonExampleMap:PersistentLevel.FirstPersonExampleMap' with GeneratedClass '/Game/FirstPersonCPP/Maps/FirstPersonExampleMap.FirstPersonExampleMap_C' with ClassGeneratedBy '/Game/FirstPersonCPP/Maps/FirstPersonExampleMap.FirstPersonExampleMap:PersistentLevel.FirstPersonExampleMap'
[2018.02.20-00.56.28:956][881]LogBlueprintUserMessages: Early EndPlayMap Detection: Level '/Game/FirstPersonCPP/Maps/FirstPersonExampleMap.FirstPersonExampleMap:PersistentLevel' has LevelScriptBlueprint '/Game/FirstPersonCPP/Maps/FirstPersonExampleMap.FirstPersonExampleMap:PersistentLevel.FirstPersonExampleMap' with GeneratedClass '/Game/FirstPersonCPP/Maps/FirstPersonExampleMap.FirstPersonExampleMap_C' with ClassGeneratedBy '/Game/FirstPersonCPP/Maps/FirstPersonExampleMap.FirstPersonExampleMap:PersistentLevel.FirstPersonExampleMap'
[2018.02.20-00.56.29:088][881]LogBlueprintUserMessages: Late EndPlayMap Detection: Level '/Game/FirstPersonCPP/Maps/FirstPersonExampleMap.FirstPersonExampleMap:PersistentLevel' has LevelScriptBlueprint '/Game/FirstPersonCPP/Maps/FirstPersonExampleMap.FirstPersonExampleMap:PersistentLevel.FirstPersonExampleMap' with GeneratedClass '/Game/FirstPersonCPP/Maps/FirstPersonExampleMap.FirstPersonExampleMap_C' with ClassGeneratedBy '/Game/FirstPersonCPP/Maps/FirstPersonExampleMap.FirstPersonExampleMap:PersistentLevel.FirstPersonExampleMap'
[2018.02.20-00.56.46:868][277]LogSlate: Only BGRA pngs, bmps or icos are supported in by External Image Picker
[2018.02.20-00.56.47:394][278]LogTemp: Executing iPhonePackager certificates Engine -bundlename com.YourCompany.GameProgramming2
[2018.02.20-00.56.47:394][278]LogTemp: CWD: C:\Program Files\Epic Games\UE_4.18\Engine\Binaries\DotNET\IOS
[2018.02.20-00.56.47:394][278]LogTemp: Initial Dir: C:\Program Files\Epic Games\UE_4.18
[2018.02.20-00.56.47:394][278]LogTemp: Env CWD: C:\Program Files\Epic Games\UE_4.18\Engine\Binaries\DotNET\IOS
[2018.02.20-00.56.47:394][278]LogTemp: BranchPath = DESKTOP-0G6PPNL/C/Program Files/Epic Games/UE_4.18/Engine/Binaries --- GameBranchPath = DESKTOP-0G6PPNL/C/Program Files/Epic Games/UE_4.18/Engine/Binaries
[2018.02.20-00.56.47:633][279]LogTemp: IPP ERROR: Could not find provision directory 'C:\Users\Kevin\AppData\Local/Apple Computer/MobileDevice/Provisioning Profiles/'.
[2018.02.20-00.57.55:262][405]LogEditorViewport: Clicking on Actor (LMB): FirstPersonCharacter_C (FirstPersonCharacter2)
[2018.02.20-00.58.01:345][552]LogSlate: Took 0.019177 seconds to synchronously load lazily loaded font '../../../Engine/Content/Editor/Slate/Fonts/Roboto-Italic.ttf' (157K)
[2018.02.20-01.00.21:479][494]LogSlate: Took 0.000242 seconds to synchronously load lazily loaded font '../../../Engine/Content/Slate/Fonts/Roboto-Light.ttf' (159K)
[2018.02.20-01.00.22:243][494]LogSlate: Took 0.000247 seconds to synchronously load lazily loaded font '../../../Engine/Content/Slate/Fonts/Roboto-Regular.ttf' (155K)
[2018.02.20-01.00.22:752][494]LogContentBrowser: Native class hierarchy updated for 'BlueprintGraph' in 0.0019 seconds. Added 116 classes and 0 folders.
[2018.02.20-01.00.24:830][494]LogMaterial: Missing cached shader map for material GridMaterial, compiling. 
[2018.02.20-01.00.25:361][494]LogMaterial: Missing cached shader map for material PersonaFloorMat, compiling. 
[2018.02.20-01.00.27:231][494]LogSlate: Took 0.029175 seconds to synchronously load lazily loaded font '../../../Engine/Content/Editor/Slate/Fonts/Roboto-BoldCondensed.ttf' (158K)
[2018.02.20-01.01.29:627][736]LogSavePackage: Save=40.87ms
[2018.02.20-01.01.29:627][736]LogSavePackage: Moving '../../../../../../Users/Kevin/Documents/GitHub/GameProgramming2/GameProgramming2/Saved/FirstPersonProjectileB16F98CC4E3BC4A29DE97CA1EC7F673E.tmp' to '../../../../../../Users/Kevin/Documents/GitHub/GameProgramming2/GameProgramming2/Content/FirstPersonCPP/Blueprints/FirstPersonProjectile.uasset'
[2018.02.20-01.01.29:633][736]LogSavePackage: Display: Finished SavePackage ../../../../../../Users/Kevin/Documents/GitHub/GameProgramming2/GameProgramming2/Content/FirstPersonCPP/Blueprints/FirstPersonProjectile.uasset
[2018.02.20-01.01.37:853][963]LogTemp: Repeating last play command: Selected Viewport
[2018.02.20-01.01.37:877][963]LogBlueprintUserMessages: Early PlayInEditor Detection: Level '/Game/FirstPersonCPP/Maps/FirstPersonExampleMap.FirstPersonExampleMap:PersistentLevel' has LevelScriptBlueprint '/Game/FirstPersonCPP/Maps/FirstPersonExampleMap.FirstPersonExampleMap:PersistentLevel.FirstPersonExampleMap' with GeneratedClass '/Game/FirstPersonCPP/Maps/FirstPersonExampleMap.FirstPersonExampleMap_C' with ClassGeneratedBy '/Game/FirstPersonCPP/Maps/FirstPersonExampleMap.FirstPersonExampleMap:PersistentLevel.FirstPersonExampleMap'
[2018.02.20-01.01.37:877][963]BlueprintLog: New page: Pre-Play auto-recompile
[2018.02.20-01.01.37:900][963]LogPlayLevel: [PlayLevel] Compiling FirstPersonProjectile before play...
[2018.02.20-01.01.38:556][963]LogPlayLevel: PlayLevel: Blueprint regeneration took 679 ms (1 blueprints)
[2018.02.20-01.01.38:556][963]PIE: New page: PIE session: FirstPersonExampleMap (Feb 19, 2018, 1:01:38 PM)
[2018.02.20-01.01.38:556][963]LogPlayLevel: Creating play world package: /Game/FirstPersonCPP/Maps/UEDPIE_0_FirstPersonExampleMap
[2018.02.20-01.01.38:582][963]LogPlayLevel: PIE: StaticDuplicateObject took: (0.024621s)
[2018.02.20-01.01.38:583][963]LogAIModule: Creating AISystem for world FirstPersonExampleMap
[2018.02.20-01.01.38:583][963]LogPlayLevel: PIE: World Init took: (0.001580s)
[2018.02.20-01.01.38:584][963]LogPlayLevel: PIE: Created PIE world by copying editor world from /Game/FirstPersonCPP/Maps/FirstPersonExampleMap.FirstPersonExampleMap to /Game/FirstPersonCPP/Maps/UEDPIE_0_FirstPersonExampleMap.FirstPersonExampleMap (0.026660s)
[2018.02.20-01.01.38:744][963]LogInit: XAudio2 using 'Speakers (Conexant SmartAudio HD)' : 2 channels at 44.1 kHz using 32 bits per sample (channel mask 0x3)
[2018.02.20-01.01.38:789][963]LogInit: FAudioDevice initialized.
[2018.02.20-01.01.38:841][963]LogLoad: Game class is 'GameProgramming2GameMode'
[2018.02.20-01.01.38:845][963]LogWorld: Bringing World /Game/FirstPersonCPP/Maps/UEDPIE_0_FirstPersonExampleMap.FirstPersonExampleMap up for play (max tick rate 60) at 2018.02.19-19.01.38
[2018.02.20-01.01.38:845][963]LogWorld: Bringing up level for play took: 0.003590
[2018.02.20-01.01.38:847][963]PIE: Play in editor start time for /Game/FirstPersonCPP/Maps/UEDPIE_0_FirstPersonExampleMap 1.873
[2018.02.20-01.01.38:848][963]LogBlueprintUserMessages: Late PlayInEditor Detection: Level '/Game/FirstPersonCPP/Maps/FirstPersonExampleMap.FirstPersonExampleMap:PersistentLevel' has LevelScriptBlueprint '/Game/FirstPersonCPP/Maps/FirstPersonExampleMap.FirstPersonExampleMap:PersistentLevel.FirstPersonExampleMap' with GeneratedClass '/Game/FirstPersonCPP/Maps/FirstPersonExampleMap.FirstPersonExampleMap_C' with ClassGeneratedBy '/Game/FirstPersonCPP/Maps/FirstPersonExampleMap.FirstPersonExampleMap:PersistentLevel.FirstPersonExampleMap'
[2018.02.20-01.01.53:292][592]LogBlueprintUserMessages: Early EndPlayMap Detection: Level '/Game/FirstPersonCPP/Maps/FirstPersonExampleMap.FirstPersonExampleMap:PersistentLevel' has LevelScriptBlueprint '/Game/FirstPersonCPP/Maps/FirstPersonExampleMap.FirstPersonExampleMap:PersistentLevel.FirstPersonExampleMap' with GeneratedClass '/Game/FirstPersonCPP/Maps/FirstPersonExampleMap.FirstPersonExampleMap_C' with ClassGeneratedBy '/Game/FirstPersonCPP/Maps/FirstPersonExampleMap.FirstPersonExampleMap:PersistentLevel.FirstPersonExampleMap'
[2018.02.20-01.01.53:346][592]LogBlueprintUserMessages: Late EndPlayMap Detection: Level '/Game/FirstPersonCPP/Maps/FirstPersonExampleMap.FirstPersonExampleMap:PersistentLevel' has LevelScriptBlueprint '/Game/FirstPersonCPP/Maps/FirstPersonExampleMap.FirstPersonExampleMap:PersistentLevel.FirstPersonExampleMap' with GeneratedClass '/Game/FirstPersonCPP/Maps/FirstPersonExampleMap.FirstPersonExampleMap_C' with ClassGeneratedBy '/Game/FirstPersonCPP/Maps/FirstPersonExampleMap.FirstPersonExampleMap:PersistentLevel.FirstPersonExampleMap'
[2018.02.20-01.02.21:116][265]LogRenderer: Reallocating scene render targets to support 1480x696 Format 10 NumSamples 1 (Frame:1).
[2018.02.20-01.02.46:524][859]LogTemp: Repeating last play command: Selected Viewport
[2018.02.20-01.02.46:544][859]LogBlueprintUserMessages: Early PlayInEditor Detection: Level '/Game/FirstPersonCPP/Maps/FirstPersonExampleMap.FirstPersonExampleMap:PersistentLevel' has LevelScriptBlueprint '/Game/FirstPersonCPP/Maps/FirstPersonExampleMap.FirstPersonExampleMap:PersistentLevel.FirstPersonExampleMap' with GeneratedClass '/Game/FirstPersonCPP/Maps/FirstPersonExampleMap.FirstPersonExampleMap_C' with ClassGeneratedBy '/Game/FirstPersonCPP/Maps/FirstPersonExampleMap.FirstPersonExampleMap:PersistentLevel.FirstPersonExampleMap'
[2018.02.20-01.02.46:545][859]BlueprintLog: New page: Pre-Play auto-recompile
[2018.02.20-01.02.46:546][859]LogPlayLevel: [PlayLevel] Compiling FirstPersonProjectile before play...
[2018.02.20-01.02.46:846][859]LogPlayLevel: PlayLevel: Blueprint regeneration took 301 ms (1 blueprints)
[2018.02.20-01.02.46:847][859]PIE: New page: PIE session: FirstPersonExampleMap (Feb 19, 2018, 1:02:46 PM)
[2018.02.20-01.02.46:847][859]LogPlayLevel: Creating play world package: /Game/FirstPersonCPP/Maps/UEDPIE_0_FirstPersonExampleMap
[2018.02.20-01.02.46:873][859]LogPlayLevel: PIE: StaticDuplicateObject took: (0.026186s)
[2018.02.20-01.02.46:874][859]LogAIModule: Creating AISystem for world FirstPersonExampleMap
[2018.02.20-01.02.46:874][859]LogPlayLevel: PIE: World Init took: (0.001322s)
[2018.02.20-01.02.46:875][859]LogPlayLevel: PIE: Created PIE world by copying editor world from /Game/FirstPersonCPP/Maps/FirstPersonExampleMap.FirstPersonExampleMap to /Game/FirstPersonCPP/Maps/UEDPIE_0_FirstPersonExampleMap.FirstPersonExampleMap (0.027980s)
[2018.02.20-01.02.46:916][859]LogInit: XAudio2 using 'Speakers (Conexant SmartAudio HD)' : 2 channels at 44.1 kHz using 32 bits per sample (channel mask 0x3)
[2018.02.20-01.02.46:941][859]LogInit: FAudioDevice initialized.
[2018.02.20-01.02.46:978][859]LogLoad: Game class is 'GameProgramming2GameMode'
[2018.02.20-01.02.46:981][859]LogWorld: Bringing World /Game/FirstPersonCPP/Maps/UEDPIE_0_FirstPersonExampleMap.FirstPersonExampleMap up for play (max tick rate 60) at 2018.02.19-19.02.46
[2018.02.20-01.02.46:981][859]LogWorld: Bringing up level for play took: 0.002571
[2018.02.20-01.02.46:983][859]PIE: Play in editor start time for /Game/FirstPersonCPP/Maps/UEDPIE_0_FirstPersonExampleMap 0.008
[2018.02.20-01.02.46:983][859]LogBlueprintUserMessages: Late PlayInEditor Detection: Level '/Game/FirstPersonCPP/Maps/FirstPersonExampleMap.FirstPersonExampleMap:PersistentLevel' has LevelScriptBlueprint '/Game/FirstPersonCPP/Maps/FirstPersonExampleMap.FirstPersonExampleMap:PersistentLevel.FirstPersonExampleMap' with GeneratedClass '/Game/FirstPersonCPP/Maps/FirstPersonExampleMap.FirstPersonExampleMap_C' with ClassGeneratedBy '/Game/FirstPersonCPP/Maps/FirstPersonExampleMap.FirstPersonExampleMap:PersistentLevel.FirstPersonExampleMap'
[2018.02.20-01.02.52:342][ 79]LogBlueprintUserMessages: Early EndPlayMap Detection: Level '/Game/FirstPersonCPP/Maps/FirstPersonExampleMap.FirstPersonExampleMap:PersistentLevel' has LevelScriptBlueprint '/Game/FirstPersonCPP/Maps/FirstPersonExampleMap.FirstPersonExampleMap:PersistentLevel.FirstPersonExampleMap' with GeneratedClass '/Game/FirstPersonCPP/Maps/FirstPersonExampleMap.FirstPersonExampleMap_C' with ClassGeneratedBy '/Game/FirstPersonCPP/Maps/FirstPersonExampleMap.FirstPersonExampleMap:PersistentLevel.FirstPersonExampleMap'
[2018.02.20-01.02.52:394][ 79]LogBlueprintUserMessages: Late EndPlayMap Detection: Level '/Game/FirstPersonCPP/Maps/FirstPersonExampleMap.FirstPersonExampleMap:PersistentLevel' has LevelScriptBlueprint '/Game/FirstPersonCPP/Maps/FirstPersonExampleMap.FirstPersonExampleMap:PersistentLevel.FirstPersonExampleMap' with GeneratedClass '/Game/FirstPersonCPP/Maps/FirstPersonExampleMap.FirstPersonExampleMap_C' with ClassGeneratedBy '/Game/FirstPersonCPP/Maps/FirstPersonExampleMap.FirstPersonExampleMap:PersistentLevel.FirstPersonExampleMap'
[2018.02.20-01.03.37:345][207]LogSavePackage: Save=21.65ms
[2018.02.20-01.03.37:345][207]LogSavePackage: Moving '../../../../../../Users/Kevin/Documents/GitHub/GameProgramming2/GameProgramming2/Saved/FirstPersonProjectile8822449D4C5E3B8F5A6EDBB7F4A13EA0.tmp' to '../../../../../../Users/Kevin/Documents/GitHub/GameProgramming2/GameProgramming2/Content/FirstPersonCPP/Blueprints/FirstPersonProjectile.uasset'
[2018.02.20-01.03.37:351][207]LogSavePackage: Display: Finished SavePackage ../../../../../../Users/Kevin/Documents/GitHub/GameProgramming2/GameProgramming2/Content/FirstPersonCPP/Blueprints/FirstPersonProjectile.uasset
[2018.02.20-01.03.44:918][455]LogTemp: Repeating last play command: Selected Viewport
[2018.02.20-01.03.44:939][455]LogBlueprintUserMessages: Early PlayInEditor Detection: Level '/Game/FirstPersonCPP/Maps/FirstPersonExampleMap.FirstPersonExampleMap:PersistentLevel' has LevelScriptBlueprint '/Game/FirstPersonCPP/Maps/FirstPersonExampleMap.FirstPersonExampleMap:PersistentLevel.FirstPersonExampleMap' with GeneratedClass '/Game/FirstPersonCPP/Maps/FirstPersonExampleMap.FirstPersonExampleMap_C' with ClassGeneratedBy '/Game/FirstPersonCPP/Maps/FirstPersonExampleMap.FirstPersonExampleMap:PersistentLevel.FirstPersonExampleMap'
[2018.02.20-01.03.44:940][455]BlueprintLog: New page: Pre-Play auto-recompile
[2018.02.20-01.03.44:941][455]LogPlayLevel: [PlayLevel] Compiling FirstPersonProjectile before play...
[2018.02.20-01.03.45:244][455]LogPlayLevel: PlayLevel: Blueprint regeneration took 304 ms (1 blueprints)
[2018.02.20-01.03.45:244][455]PIE: New page: PIE session: FirstPersonExampleMap (Feb 19, 2018, 1:03:45 PM)
[2018.02.20-01.03.45:245][455]LogPlayLevel: Creating play world package: /Game/FirstPersonCPP/Maps/UEDPIE_0_FirstPersonExampleMap
[2018.02.20-01.03.45:270][455]LogPlayLevel: PIE: StaticDuplicateObject took: (0.025587s)
[2018.02.20-01.03.45:271][455]LogAIModule: Creating AISystem for world FirstPersonExampleMap
[2018.02.20-01.03.45:272][455]LogPlayLevel: PIE: World Init took: (0.001439s)
[2018.02.20-01.03.45:272][455]LogPlayLevel: PIE: Created PIE world by copying editor world from /Game/FirstPersonCPP/Maps/FirstPersonExampleMap.FirstPersonExampleMap to /Game/FirstPersonCPP/Maps/UEDPIE_0_FirstPersonExampleMap.FirstPersonExampleMap (0.027531s)
[2018.02.20-01.03.45:317][455]LogInit: XAudio2 using 'Speakers (Conexant SmartAudio HD)' : 2 channels at 44.1 kHz using 32 bits per sample (channel mask 0x3)
[2018.02.20-01.03.45:341][455]LogInit: FAudioDevice initialized.
[2018.02.20-01.03.45:375][455]LogLoad: Game class is 'GameProgramming2GameMode'
[2018.02.20-01.03.45:378][455]LogWorld: Bringing World /Game/FirstPersonCPP/Maps/UEDPIE_0_FirstPersonExampleMap.FirstPersonExampleMap up for play (max tick rate 60) at 2018.02.19-19.03.45
[2018.02.20-01.03.45:379][455]LogWorld: Bringing up level for play took: 0.002973
[2018.02.20-01.03.45:380][455]PIE: Play in editor start time for /Game/FirstPersonCPP/Maps/UEDPIE_0_FirstPersonExampleMap 0.405
[2018.02.20-01.03.45:380][455]LogBlueprintUserMessages: Late PlayInEditor Detection: Level '/Game/FirstPersonCPP/Maps/FirstPersonExampleMap.FirstPersonExampleMap:PersistentLevel' has LevelScriptBlueprint '/Game/FirstPersonCPP/Maps/FirstPersonExampleMap.FirstPersonExampleMap:PersistentLevel.FirstPersonExampleMap' with GeneratedClass '/Game/FirstPersonCPP/Maps/FirstPersonExampleMap.FirstPersonExampleMap_C' with ClassGeneratedBy '/Game/FirstPersonCPP/Maps/FirstPersonExampleMap.FirstPersonExampleMap:PersistentLevel.FirstPersonExampleMap'
[2018.02.20-01.03.50:732][687]LogBlueprintUserMessages: Early EndPlayMap Detection: Level '/Game/FirstPersonCPP/Maps/FirstPersonExampleMap.FirstPersonExampleMap:PersistentLevel' has LevelScriptBlueprint '/Game/FirstPersonCPP/Maps/FirstPersonExampleMap.FirstPersonExampleMap:PersistentLevel.FirstPersonExampleMap' with GeneratedClass '/Game/FirstPersonCPP/Maps/FirstPersonExampleMap.FirstPersonExampleMap_C' with ClassGeneratedBy '/Game/FirstPersonCPP/Maps/FirstPersonExampleMap.FirstPersonExampleMap:PersistentLevel.FirstPersonExampleMap'
[2018.02.20-01.03.50:790][687]LogBlueprintUserMessages: Late EndPlayMap Detection: Level '/Game/FirstPersonCPP/Maps/FirstPersonExampleMap.FirstPersonExampleMap:PersistentLevel' has LevelScriptBlueprint '/Game/FirstPersonCPP/Maps/FirstPersonExampleMap.FirstPersonExampleMap:PersistentLevel.FirstPersonExampleMap' with GeneratedClass '/Game/FirstPersonCPP/Maps/FirstPersonExampleMap.FirstPersonExampleMap_C' with ClassGeneratedBy '/Game/FirstPersonCPP/Maps/FirstPersonExampleMap.FirstPersonExampleMap:PersistentLevel.FirstPersonExampleMap'
[2018.02.20-01.05.12:542][275]LogEditorViewport: Clicking on Actor (LMB): FirstPersonCharacter_C (FirstPersonCharacter2)
[2018.02.20-01.06.12:588][918]LogSlate: Only BGRA pngs, bmps or icos are supported in by External Image Picker
[2018.02.20-01.06.12:715][920]LogTemp: Executing iPhonePackager certificates Engine -bundlename com.YourCompany.GameProgramming2
[2018.02.20-01.06.12:715][920]LogTemp: CWD: C:\Program Files\Epic Games\UE_4.18\Engine\Binaries\DotNET\IOS
[2018.02.20-01.06.12:715][920]LogTemp: Initial Dir: C:\Program Files\Epic Games\UE_4.18
[2018.02.20-01.06.12:715][920]LogTemp: Env CWD: C:\Program Files\Epic Games\UE_4.18\Engine\Binaries\DotNET\IOS
[2018.02.20-01.06.12:722][920]LogTemp: BranchPath = DESKTOP-0G6PPNL/C/Program Files/Epic Games/UE_4.18/Engine/Binaries --- GameBranchPath = DESKTOP-0G6PPNL/C/Program Files/Epic Games/UE_4.18/Engine/Binaries
[2018.02.20-01.06.12:742][920]LogTemp: IPP ERROR: Could not find provision directory 'C:\Users\Kevin\AppData\Local/Apple Computer/MobileDevice/Provisioning Profiles/'.
[2018.02.20-01.07.08:356][422]LogSlate: Took 0.000273 seconds to synchronously load lazily loaded font '../../../Engine/Content/Slate/Fonts/Roboto-Light.ttf' (159K)
[2018.02.20-01.08.05:477][153]LogEditorViewport: Clicking on Actor (LMB): FirstPersonCharacter_C (FirstPersonCharacter2)
[2018.02.20-01.09.34:618][782]LogEditorViewport: Clicking on Actor (LMB): FirstPersonCharacter_C (FirstPersonCharacter2)
[2018.02.20-01.11.10:994][971]LogEditorTransaction: Undo Add Variable
[2018.02.20-01.11.44:502][938]LogTemp: Repeating last play command: Selected Viewport
[2018.02.20-01.11.44:527][938]LogBlueprintUserMessages: Early PlayInEditor Detection: Level '/Game/FirstPersonCPP/Maps/FirstPersonExampleMap.FirstPersonExampleMap:PersistentLevel' has LevelScriptBlueprint '/Game/FirstPersonCPP/Maps/FirstPersonExampleMap.FirstPersonExampleMap:PersistentLevel.FirstPersonExampleMap' with GeneratedClass '/Game/FirstPersonCPP/Maps/FirstPersonExampleMap.FirstPersonExampleMap_C' with ClassGeneratedBy '/Game/FirstPersonCPP/Maps/FirstPersonExampleMap.FirstPersonExampleMap:PersistentLevel.FirstPersonExampleMap'
[2018.02.20-01.11.44:528][938]LogPlayLevel: PlayLevel: No blueprints needed recompiling
[2018.02.20-01.11.44:528][938]PIE: New page: PIE session: FirstPersonExampleMap (Feb 19, 2018, 1:11:44 PM)
[2018.02.20-01.11.44:528][938]LogPlayLevel: Creating play world package: /Game/FirstPersonCPP/Maps/UEDPIE_0_FirstPersonExampleMap
[2018.02.20-01.11.44:557][938]LogPlayLevel: PIE: StaticDuplicateObject took: (0.029106s)
[2018.02.20-01.11.44:559][938]LogAIModule: Creating AISystem for world FirstPersonExampleMap
[2018.02.20-01.11.44:559][938]LogPlayLevel: PIE: World Init took: (0.001769s)
[2018.02.20-01.11.44:560][938]LogPlayLevel: PIE: Created PIE world by copying editor world from /Game/FirstPersonCPP/Maps/FirstPersonExampleMap.FirstPersonExampleMap to /Game/FirstPersonCPP/Maps/UEDPIE_0_FirstPersonExampleMap.FirstPersonExampleMap (0.031428s)
[2018.02.20-01.11.44:646][938]LogInit: XAudio2 using 'Speakers (Conexant SmartAudio HD)' : 2 channels at 44.1 kHz using 32 bits per sample (channel mask 0x3)
[2018.02.20-01.11.44:671][938]LogInit: FAudioDevice initialized.
[2018.02.20-01.11.44:710][938]LogLoad: Game class is 'GameProgramming2GameMode'
[2018.02.20-01.11.44:713][938]LogWorld: Bringing World /Game/FirstPersonCPP/Maps/UEDPIE_0_FirstPersonExampleMap.FirstPersonExampleMap up for play (max tick rate 60) at 2018.02.19-19.11.44
[2018.02.20-01.11.44:713][938]LogWorld: Bringing up level for play took: 0.002690
[2018.02.20-01.11.44:715][938]PIE: Play in editor start time for /Game/FirstPersonCPP/Maps/UEDPIE_0_FirstPersonExampleMap -0.26
[2018.02.20-01.11.44:715][938]LogBlueprintUserMessages: Late PlayInEditor Detection: Level '/Game/FirstPersonCPP/Maps/FirstPersonExampleMap.FirstPersonExampleMap:PersistentLevel' has LevelScriptBlueprint '/Game/FirstPersonCPP/Maps/FirstPersonExampleMap.FirstPersonExampleMap:PersistentLevel.FirstPersonExampleMap' with GeneratedClass '/Game/FirstPersonCPP/Maps/FirstPersonExampleMap.FirstPersonExampleMap_C' with ClassGeneratedBy '/Game/FirstPersonCPP/Maps/FirstPersonExampleMap.FirstPersonExampleMap:PersistentLevel.FirstPersonExampleMap'
[2018.02.20-01.12.08:390][990]LogBlueprintUserMessages: Early EndPlayMap Detection: Level '/Game/FirstPersonCPP/Maps/FirstPersonExampleMap.FirstPersonExampleMap:PersistentLevel' has LevelScriptBlueprint '/Game/FirstPersonCPP/Maps/FirstPersonExampleMap.FirstPersonExampleMap:PersistentLevel.FirstPersonExampleMap' with GeneratedClass '/Game/FirstPersonCPP/Maps/FirstPersonExampleMap.FirstPersonExampleMap_C' with ClassGeneratedBy '/Game/FirstPersonCPP/Maps/FirstPersonExampleMap.FirstPersonExampleMap:PersistentLevel.FirstPersonExampleMap'
[2018.02.20-01.12.08:442][990]LogBlueprintUserMessages: Late EndPlayMap Detection: Level '/Game/FirstPersonCPP/Maps/FirstPersonExampleMap.FirstPersonExampleMap:PersistentLevel' has LevelScriptBlueprint '/Game/FirstPersonCPP/Maps/FirstPersonExampleMap.FirstPersonExampleMap:PersistentLevel.FirstPersonExampleMap' with GeneratedClass '/Game/FirstPersonCPP/Maps/FirstPersonExampleMap.FirstPersonExampleMap_C' with ClassGeneratedBy '/Game/FirstPersonCPP/Maps/FirstPersonExampleMap.FirstPersonExampleMap:PersistentLevel.FirstPersonExampleMap'
[2018.02.20-01.12.11:591][119]LogTemp: Repeating last play command: Selected Viewport
[2018.02.20-01.12.11:612][119]LogBlueprintUserMessages: Early PlayInEditor Detection: Level '/Game/FirstPersonCPP/Maps/FirstPersonExampleMap.FirstPersonExampleMap:PersistentLevel' has LevelScriptBlueprint '/Game/FirstPersonCPP/Maps/FirstPersonExampleMap.FirstPersonExampleMap:PersistentLevel.FirstPersonExampleMap' with GeneratedClass '/Game/FirstPersonCPP/Maps/FirstPersonExampleMap.FirstPersonExampleMap_C' with ClassGeneratedBy '/Game/FirstPersonCPP/Maps/FirstPersonExampleMap.FirstPersonExampleMap:PersistentLevel.FirstPersonExampleMap'
[2018.02.20-01.12.11:613][119]LogPlayLevel: PlayLevel: No blueprints needed recompiling
[2018.02.20-01.12.11:613][119]PIE: New page: PIE session: FirstPersonExampleMap (Feb 19, 2018, 1:12:11 PM)
[2018.02.20-01.12.11:613][119]LogPlayLevel: Creating play world package: /Game/FirstPersonCPP/Maps/UEDPIE_0_FirstPersonExampleMap
[2018.02.20-01.12.11:642][119]LogPlayLevel: PIE: StaticDuplicateObject took: (0.029011s)
[2018.02.20-01.12.11:643][119]LogAIModule: Creating AISystem for world FirstPersonExampleMap
[2018.02.20-01.12.11:643][119]LogPlayLevel: PIE: World Init took: (0.001210s)
[2018.02.20-01.12.11:644][119]LogPlayLevel: PIE: Created PIE world by copying editor world from /Game/FirstPersonCPP/Maps/FirstPersonExampleMap.FirstPersonExampleMap to /Game/FirstPersonCPP/Maps/UEDPIE_0_FirstPersonExampleMap.FirstPersonExampleMap (0.030706s)
[2018.02.20-01.12.11:687][119]LogInit: XAudio2 using 'Speakers (Conexant SmartAudio HD)' : 2 channels at 44.1 kHz using 32 bits per sample (channel mask 0x3)
[2018.02.20-01.12.11:710][119]LogInit: FAudioDevice initialized.
[2018.02.20-01.12.11:744][119]LogLoad: Game class is 'GameProgramming2GameMode'
[2018.02.20-01.12.11:748][119]LogWorld: Bringing World /Game/FirstPersonCPP/Maps/UEDPIE_0_FirstPersonExampleMap.FirstPersonExampleMap up for play (max tick rate 60) at 2018.02.19-19.12.11
[2018.02.20-01.12.11:748][119]LogWorld: Bringing up level for play took: 0.003639
[2018.02.20-01.12.11:750][119]PIE: Play in editor start time for /Game/FirstPersonCPP/Maps/UEDPIE_0_FirstPersonExampleMap 0.775
[2018.02.20-01.12.11:750][119]LogBlueprintUserMessages: Late PlayInEditor Detection: Level '/Game/FirstPersonCPP/Maps/FirstPersonExampleMap.FirstPersonExampleMap:PersistentLevel' has LevelScriptBlueprint '/Game/FirstPersonCPP/Maps/FirstPersonExampleMap.FirstPersonExampleMap:PersistentLevel.FirstPersonExampleMap' with GeneratedClass '/Game/FirstPersonCPP/Maps/FirstPersonExampleMap.FirstPersonExampleMap_C' with ClassGeneratedBy '/Game/FirstPersonCPP/Maps/FirstPersonExampleMap.FirstPersonExampleMap:PersistentLevel.FirstPersonExampleMap'
[2018.02.20-01.12.14:384][228]LogBlueprintUserMessages: Early EndPlayMap Detection: Level '/Game/FirstPersonCPP/Maps/FirstPersonExampleMap.FirstPersonExampleMap:PersistentLevel' has LevelScriptBlueprint '/Game/FirstPersonCPP/Maps/FirstPersonExampleMap.FirstPersonExampleMap:PersistentLevel.FirstPersonExampleMap' with GeneratedClass '/Game/FirstPersonCPP/Maps/FirstPersonExampleMap.FirstPersonExampleMap_C' with ClassGeneratedBy '/Game/FirstPersonCPP/Maps/FirstPersonExampleMap.FirstPersonExampleMap:PersistentLevel.FirstPersonExampleMap'
[2018.02.20-01.12.14:437][228]LogBlueprintUserMessages: Late EndPlayMap Detection: Level '/Game/FirstPersonCPP/Maps/FirstPersonExampleMap.FirstPersonExampleMap:PersistentLevel' has LevelScriptBlueprint '/Game/FirstPersonCPP/Maps/FirstPersonExampleMap.FirstPersonExampleMap:PersistentLevel.FirstPersonExampleMap' with GeneratedClass '/Game/FirstPersonCPP/Maps/FirstPersonExampleMap.FirstPersonExampleMap_C' with ClassGeneratedBy '/Game/FirstPersonCPP/Maps/FirstPersonExampleMap.FirstPersonExampleMap:PersistentLevel.FirstPersonExampleMap'
[2018.02.20-01.15.04:906][458]Cmd: QUIT_EDITOR
[2018.02.20-01.15.05:604][458]LogWindowsTextInputMethodSystem: Display: IME system now deactivated.
[2018.02.20-01.15.05:628][458]LogExit: Preparing to exit.
[2018.02.20-01.15.06:474][458]LogDirectoryWatcher: A directory notification for 'C:/Users/Kevin/Documents/GitHub/GameProgramming2/GameProgramming2/Content/' was aborted.
[2018.02.20-01.15.06:536][458]LogExit: Editor shut down
[2018.02.20-01.15.06:555][458]LogExit: Transaction tracking system shut down
[2018.02.20-01.15.06:783][458]LogDirectoryWatcher: A directory notification for '../../../Engine/Content/' was aborted.
[2018.02.20-01.15.06:783][458]LogDirectoryWatcher: A directory notification for '../../../../../../Users/Kevin/Documents/GitHub/GameProgramming2/GameProgramming2/Content/' was aborted.
[2018.02.20-01.15.06:783][458]LogDirectoryWatcher: A directory notification for '../../../Engine/Plugins/2D/Paper2D/Content/' was aborted.
[2018.02.20-01.15.06:784][458]LogDirectoryWatcher: A directory notification for '../../../Engine/Plugins/Media/MediaCompositing/Content/' was aborted.
[2018.02.20-01.15.06:784][458]LogDirectoryWatcher: A directory notification for '../../../Engine/Plugins/Runtime/AppleARKit/Content/' was aborted.
[2018.02.20-01.15.06:784][458]LogDirectoryWatcher: A directory notification for '../../../Engine/Plugins/Runtime/Oculus/OculusVR/Content/' was aborted.
[2018.02.20-01.15.06:784][458]LogDirectoryWatcher: A directory notification for '../../../Engine/Plugins/Runtime/Steam/SteamVR/Content/' was aborted.
[2018.02.20-01.15.06:894][458]LogExit: Object subsystem successfully closed.
[2018.02.20-01.15.06:913][458]LogD3D11RHI: Shutdown
[2018.02.20-01.15.06:913][458]LogD3D11RHI: CleanupD3DDevice
[2018.02.20-01.15.06:918][458]LogD3D11RHI: ~FD3D11DynamicRHI
[2018.02.20-01.15.06:948][458]LogModuleManager: Shutting down and abandoning module BlueprintGraph (556)
[2018.02.20-01.15.06:948][458]LogModuleManager: Shutting down and abandoning module ExternalImagePicker (554)
[2018.02.20-01.15.06:948][458]LogModuleManager: Shutting down and abandoning module MovieSceneCapture (552)
[2018.02.20-01.15.06:948][458]LogModuleManager: Shutting down and abandoning module HierarchicalLODOutliner (550)
[2018.02.20-01.15.06:948][458]LogModuleManager: Shutting down and abandoning module DesktopPlatform (548)
[2018.02.20-01.15.06:948][458]LogModuleManager: Shutting down and abandoning module SceneOutliner (546)
[2018.02.20-01.15.06:948][458]LogModuleManager: Shutting down and abandoning module AddContentDialog (544)
[2018.02.20-01.15.06:948][458]LogDirectoryWatcher: A directory notification for 'C:/Program Files/Epic Games/UE_4.18/FeaturePacks/' was aborted.
[2018.02.20-01.15.06:949][458]LogModuleManager: Shutting down and abandoning module WidgetCarousel (543)
[2018.02.20-01.15.06:950][458]LogModuleManager: Shutting down and abandoning module EditorWidgets (540)
[2018.02.20-01.15.06:950][458]LogModuleManager: Shutting down and abandoning module CollectionManager (538)
[2018.02.20-01.15.06:950][458]LogDirectoryWatcher: A directory notification for 'C:/Users/Kevin/Documents/GitHub/GameProgramming2/GameProgramming2/Content/Collections/' was aborted.
[2018.02.20-01.15.06:950][458]LogDirectoryWatcher: A directory notification for 'C:/Users/Kevin/Documents/GitHub/GameProgramming2/GameProgramming2/Content/Developers/Kevin/Collections/' was aborted.
[2018.02.20-01.15.06:950][458]LogDirectoryWatcher: A directory notification for 'C:/Users/Kevin/Documents/GitHub/GameProgramming2/GameProgramming2/Saved/Collections/' was aborted.
[2018.02.20-01.15.06:950][458]LogModuleManager: Shutting down and abandoning module StatsViewer (536)
[2018.02.20-01.15.06:950][458]LogModuleManager: Shutting down and abandoning module FoliageEdit (534)
[2018.02.20-01.15.06:950][458]LogModuleManager: Shutting down and abandoning module LandscapeEditor (532)
[2018.02.20-01.15.06:950][458]LogModuleManager: Shutting down and abandoning module MeshPaintMode (530)
[2018.02.20-01.15.06:950][458]LogModuleManager: Shutting down and abandoning module SceneDepthPickerMode (528)
[2018.02.20-01.15.06:950][458]LogModuleManager: Shutting down and abandoning module ActorPickerMode (526)
[2018.02.20-01.15.06:950][458]LogModuleManager: Shutting down and abandoning module GeometryMode (524)
[2018.02.20-01.15.06:950][458]LogModuleManager: Shutting down and abandoning module TextureAlignMode (522)
[2018.02.20-01.15.06:950][458]LogModuleManager: Shutting down and abandoning module BspMode (520)
[2018.02.20-01.15.06:950][458]LogModuleManager: Shutting down and abandoning module PIEPreviewDeviceProfileSelector (518)
[2018.02.20-01.15.06:950][458]LogModuleManager: Shutting down and abandoning module HardwareSurvey (516)
[2018.02.20-01.15.06:950][458]LogModuleManager: Shutting down and abandoning module SequenceRecorderSections (514)
[2018.02.20-01.15.06:950][458]LogModuleManager: Shutting down and abandoning module AutomationWorker (512)
[2018.02.20-01.15.06:950][458]LogModuleManager: Shutting down and abandoning module MatineeToLevelSequence (510)
[2018.02.20-01.15.06:950][458]LogModuleManager: Shutting down and abandoning module LevelSequenceEditor (508)
[2018.02.20-01.15.06:951][458]LogModuleManager: Shutting down and abandoning module PlacementMode (507)
[2018.02.20-01.15.06:951][458]LogModuleManager: Shutting down and abandoning module WmfMediaFactory (504)
[2018.02.20-01.15.06:951][458]LogModuleManager: Shutting down and abandoning module WmfMediaEditor (502)
[2018.02.20-01.15.06:951][458]LogModuleManager: Shutting down and abandoning module OpenExrWrapper (500)
[2018.02.20-01.15.06:951][458]LogModuleManager: Shutting down and abandoning module ImgMediaFactory (498)
[2018.02.20-01.15.06:951][458]LogModuleManager: Shutting down and abandoning module ImgMediaEditor (496)
[2018.02.20-01.15.06:951][458]LogModuleManager: Shutting down and abandoning module AvfMediaFactory (494)
[2018.02.20-01.15.06:951][458]LogModuleManager: Shutting down and abandoning module AvfMediaEditor (492)
[2018.02.20-01.15.06:951][458]LogModuleManager: Shutting down and abandoning module AndroidMediaFactory (490)
[2018.02.20-01.15.06:951][458]LogModuleManager: Shutting down and abandoning module AndroidMediaEditor (488)
[2018.02.20-01.15.06:951][458]LogModuleManager: Shutting down and abandoning module CharacterAI (486)
[2018.02.20-01.15.06:951][458]LogModuleManager: Shutting down and abandoning module AudioCapture (484)
[2018.02.20-01.15.06:951][458]LogModuleManager: Shutting down and abandoning module SequenceRecorder (483)
[2018.02.20-01.15.06:951][458]LogModuleManager: Shutting down and abandoning module SmartSnapping (480)
[2018.02.20-01.15.06:951][458]LogModuleManager: Shutting down and abandoning module SessionServices (478)
[2018.02.20-01.15.06:951][458]LogModuleManager: Shutting down and abandoning module ViewportSnapping (476)
[2018.02.20-01.15.06:951][458]LogModuleManager: Shutting down and abandoning module ViewportInteraction (474)
[2018.02.20-01.15.06:951][458]LogModuleManager: Shutting down and abandoning module ClothPainter (472)
[2018.02.20-01.15.06:951][458]LogModuleManager: Shutting down and abandoning module SkeletalMeshEditor (471)
[2018.02.20-01.15.06:951][458]LogModuleManager: Shutting down and abandoning module LogVisualizer (468)
[2018.02.20-01.15.06:951][458]LogModuleManager: Shutting down and abandoning module IntroTutorials (466)
[2018.02.20-01.15.06:952][458]LogModuleManager: Shutting down and abandoning module GameProjectGeneration (465)
[2018.02.20-01.15.06:952][458]LogModuleManager: Shutting down and abandoning module IOSPlatformEditor (462)
[2018.02.20-01.15.06:952][458]LogModuleManager: Shutting down and abandoning module HTML5PlatformEditor (460)
[2018.02.20-01.15.06:952][458]LogModuleManager: Shutting down and abandoning module AndroidPlatformEditor (458)
[2018.02.20-01.15.06:952][458]LogModuleManager: Shutting down and abandoning module AndroidDeviceDetection (457)
[2018.02.20-01.15.07:843][458]LogModuleManager: Shutting down and abandoning module WindowsPlatformEditor (454)
[2018.02.20-01.15.07:843][458]LogModuleManager: Shutting down and abandoning module IOSRuntimeSettings (452)
[2018.02.20-01.15.07:843][458]LogModuleManager: Shutting down and abandoning module AndroidRuntimeSettings (450)
[2018.02.20-01.15.07:844][458]LogModuleManager: Shutting down and abandoning module InputBindingEditor (448)
[2018.02.20-01.15.07:844][458]LogModuleManager: Shutting down and abandoning module MergeActors (446)
[2018.02.20-01.15.07:844][458]LogModuleManager: Shutting down and abandoning module SizeMap (444)
[2018.02.20-01.15.07:844][458]LogModuleManager: Shutting down and abandoning module TreeMap (442)
[2018.02.20-01.15.07:844][458]LogModuleManager: Shutting down and abandoning module ReferenceViewer (440)
[2018.02.20-01.15.07:844][458]LogModuleManager: Shutting down and abandoning module LocalizationDashboard (438)
[2018.02.20-01.15.07:844][458]LogModuleManager: Shutting down and abandoning module LocalizationService (437)
[2018.02.20-01.15.07:844][458]LogModuleManager: Shutting down and abandoning module HardwareTargeting (434)
[2018.02.20-01.15.07:844][458]LogModuleManager: Shutting down and abandoning module DeviceProfileEditor (432)
[2018.02.20-01.15.07:844][458]LogModuleManager: Shutting down and abandoning module UndoHistory (430)
[2018.02.20-01.15.07:844][458]LogModuleManager: Shutting down and abandoning module XmlParser (428)
[2018.02.20-01.15.07:844][458]LogModuleManager: Shutting down and abandoning module Blutility (426)
[2018.02.20-01.15.07:844][458]LogModuleManager: Shutting down and abandoning module ProjectSettingsViewer (424)
[2018.02.20-01.15.07:844][458]LogModuleManager: Shutting down and abandoning module ProjectTargetPlatformEditor (423)
[2018.02.20-01.15.07:844][458]LogModuleManager: Shutting down and abandoning module EditorSettingsViewer (420)
[2018.02.20-01.15.07:844][458]LogModuleManager: Shutting down and abandoning module SettingsEditor (418)
[2018.02.20-01.15.07:845][458]LogModuleManager: Shutting down and abandoning module ProjectLauncher (416)
[2018.02.20-01.15.07:845][458]LogModuleManager: Shutting down and abandoning module SessionFrontend (414)
[2018.02.20-01.15.07:845][458]LogModuleManager: Shutting down and abandoning module ProfilerClient (412)
[2018.02.20-01.15.07:845][458]LogModuleManager: Shutting down and abandoning module DeviceManager (410)
[2018.02.20-01.15.07:845][458]LogModuleManager: Shutting down and abandoning module TargetDeviceServices (409)
[2018.02.20-01.15.07:908][458]LogModuleManager: Shutting down and abandoning module AutomationController (406)
[2018.02.20-01.15.07:908][458]LogModuleManager: Shutting down and abandoning module AutomationWindow (404)
[2018.02.20-01.15.07:908][458]LogModuleManager: Shutting down and abandoning module Layers (402)
[2018.02.20-01.15.07:908][458]LogModuleManager: Shutting down and abandoning module ComponentVisualizers (400)
[2018.02.20-01.15.07:908][458]LogModuleManager: Shutting down and abandoning module DetailCustomizations (398)
[2018.02.20-01.15.07:908][458]LogModuleManager: Shutting down and abandoning module PackagesDialog (396)
[2018.02.20-01.15.07:908][458]LogModuleManager: Shutting down and abandoning module Persona (394)
[2018.02.20-01.15.07:908][458]LogModuleManager: Shutting down and abandoning module AdvancedPreviewScene (393)
[2018.02.20-01.15.07:908][458]LogModuleManager: Shutting down and abandoning module AnimGraph (391)
[2018.02.20-01.15.07:908][458]LogModuleManager: Shutting down and abandoning module Kismet (388)
[2018.02.20-01.15.07:917][458]LogModuleManager: Shutting down and abandoning module ClassViewer (386)
[2018.02.20-01.15.07:917][458]LogModuleManager: Shutting down and abandoning module Toolbox (384)
[2018.02.20-01.15.07:917][458]LogModuleManager: Shutting down and abandoning module ModuleUI (382)
[2018.02.20-01.15.07:917][458]LogModuleManager: Shutting down and abandoning module MovieSceneTools (380)
[2018.02.20-01.15.07:917][458]LogModuleManager: Shutting down and abandoning module OutputLog (378)
[2018.02.20-01.15.07:918][458]LogModuleManager: Shutting down and abandoning module GammaUI (376)
[2018.02.20-01.15.07:918][458]LogModuleManager: Shutting down and abandoning module Documentation (374)
[2018.02.20-01.15.07:918][458]LogModuleManager: Shutting down and abandoning module MovieSceneTracks (372)
[2018.02.20-01.15.07:918][458]LogModuleManager: Shutting down and abandoning module MovieScene (370)
[2018.02.20-01.15.07:918][458]LogModuleManager: Shutting down and abandoning module StreamingPauseRendering (368)
[2018.02.20-01.15.07:918][458]LogModuleManager: Shutting down and abandoning module LauncherPlatform (366)
[2018.02.20-01.15.07:918][458]LogModuleManager: Shutting down and abandoning module AnalyticsET (364)
[2018.02.20-01.15.07:918][458]LogModuleManager: Shutting down and abandoning module PortalServices (362)
[2018.02.20-01.15.07:918][458]LogModuleManager: Shutting down and abandoning module PortalRpc (360)
[2018.02.20-01.15.07:918][458]LogModuleManager: Shutting down and abandoning module MessagingRpc (358)
[2018.02.20-01.15.07:918][458]LogModuleManager: Shutting down and abandoning module AIModule (356)
[2018.02.20-01.15.07:918][458]LogModuleManager: Shutting down and abandoning module GameplayDebugger (355)
[2018.02.20-01.15.07:918][458]LogModuleManager: Shutting down and abandoning module AITestSuite (353)
[2018.02.20-01.15.07:918][458]LogModuleManager: Shutting down and abandoning module ProfilerService (350)
[2018.02.20-01.15.08:096][458]LogModuleManager: Shutting down and abandoning module TaskGraph (348)
[2018.02.20-01.15.08:096][458]LogModuleManager: Shutting down and abandoning module SteamVRController (346)
[2018.02.20-01.15.08:096][458]LogModuleManager: Shutting down and abandoning module ProceduralMeshComponentEditor (344)
[2018.02.20-01.15.08:096][458]LogModuleManager: Shutting down and abandoning module ProceduralMeshComponent (342)
[2018.02.20-01.15.08:096][458]LogModuleManager: Shutting down and abandoning module OculusInput (340)
[2018.02.20-01.15.08:096][458]LogModuleManager: Shutting down and abandoning module MobilePatchingUtils (338)
[2018.02.20-01.15.08:096][458]LogModuleManager: Shutting down and abandoning module CustomMeshComponent (336)
[2018.02.20-01.15.08:096][458]LogModuleManager: Shutting down and abandoning module CableComponent (334)
[2018.02.20-01.15.08:096][458]LogModuleManager: Shutting down and abandoning module ArchVisCharacter (332)
[2018.02.20-01.15.08:096][458]LogModuleManager: Shutting down and abandoning module AndroidPermission (330)
[2018.02.20-01.15.08:097][458]LogModuleManager: Shutting down and abandoning module ActorSequence (326)
[2018.02.20-01.15.08:097][458]LogModuleManager: Shutting down and abandoning module MediaPlayerEditor (324)
[2018.02.20-01.15.08:097][458]LogModuleManager: Shutting down and abandoning module MediaCompositingEditor (322)
[2018.02.20-01.15.08:097][458]LogModuleManager: Shutting down and abandoning module MediaCompositing (320)
[2018.02.20-01.15.08:097][458]LogModuleManager: Shutting down and abandoning module HTML5Networking (318)
[2018.02.20-01.15.08:097][458]LogModuleManager: Shutting down and abandoning module AlembicImporter (316)
[2018.02.20-01.15.08:097][458]LogModuleManager: Shutting down and abandoning module AlembicLibrary (315)
[2018.02.20-01.15.08:097][458]LogModuleManager: Shutting down and abandoning module GeometryCache (314)
[2018.02.20-01.15.08:097][458]LogModuleManager: Shutting down and abandoning module GeometryCacheEd (313)
[2018.02.20-01.15.08:097][458]LogModuleManager: Shutting down and abandoning module SpeedTreeImporter (308)
[2018.02.20-01.15.08:097][458]LogModuleManager: Shutting down and abandoning module PluginBrowser (306)
[2018.02.20-01.15.08:097][458]LogModuleManager: Shutting down and abandoning module MobileLauncherProfileWizard (304)
[2018.02.20-01.15.08:097][458]LogModuleManager: Shutting down and abandoning module VisualStudioSourceCodeAccess (302)
[2018.02.20-01.15.08:097][458]LogModuleManager: Shutting down and abandoning module VisualStudioCodeSourceCodeAccess (300)
[2018.02.20-01.15.08:097][458]LogModuleManager: Shutting down and abandoning module UObjectPlugin (298)
[2018.02.20-01.15.08:097][458]LogModuleManager: Shutting down and abandoning module SubversionSourceControl (296)
[2018.02.20-01.15.08:097][458]LogModuleManager: Shutting down and abandoning module PerforceSourceControl (294)
[2018.02.20-01.15.08:097][458]LogModuleManager: Shutting down and abandoning module GitSourceControl (292)
[2018.02.20-01.15.08:097][458]LogModuleManager: Shutting down and abandoning module SourceControl (291)
[2018.02.20-01.15.08:097][458]LogModuleManager: Shutting down and abandoning module LightPropagationVolumeEditor (288)
[2018.02.20-01.15.08:097][458]LogModuleManager: Shutting down and abandoning module PaperTiledImporter (286)
[2018.02.20-01.15.08:097][458]LogModuleManager: Shutting down and abandoning module PaperSpriteSheetImporter (284)
[2018.02.20-01.15.08:098][458]LogModuleManager: Shutting down and abandoning module Paper2DEditor (282)
[2018.02.20-01.15.08:098][458]LogModuleManager: Shutting down and abandoning module MeshPaint (281)
[2018.02.20-01.15.08:098][458]LogModuleManager: Shutting down and abandoning module LevelEditor (279)
[2018.02.20-01.15.08:099][458]LogModuleManager: Shutting down and abandoning module PixelInspectorModule (278)
[2018.02.20-01.15.08:099][458]LogModuleManager: Shutting down and abandoning module MainFrame (276)
[2018.02.20-01.15.08:099][458]LogModuleManager: Shutting down and abandoning module HotReload (275)
[2018.02.20-01.15.08:099][458]LogDirectoryWatcher: A directory notification for 'C:/Users/Kevin/Documents/GitHub/GameProgramming2/GameProgramming2/Binaries/Win64' was aborted.
[2018.02.20-01.15.08:100][458]LogModuleManager: Shutting down and abandoning module GameProgramming2 (270)
[2018.02.20-01.15.08:100][458]LogModuleManager: Shutting down and abandoning module RuntimePhysXCooking (268)
[2018.02.20-01.15.08:100][458]LogModuleManager: Shutting down and abandoning module PhysXVehiclesEditor (266)
[2018.02.20-01.15.08:100][458]LogModuleManager: Shutting down and abandoning module PhysXVehicles (264)
[2018.02.20-01.15.08:100][458]LogModuleManager: Shutting down and abandoning module OculusEditor (262)
[2018.02.20-01.15.08:100][458]LogModuleManager: Shutting down and abandoning module LocationServicesBPLibrary (260)
[2018.02.20-01.15.08:100][458]LogModuleManager: Shutting down and abandoning module ImmediatePhysicsEditor (258)
[2018.02.20-01.15.08:100][458]LogModuleManager: Shutting down and abandoning module ImmediatePhysics (256)
[2018.02.20-01.15.08:100][458]LogModuleManager: Shutting down and abandoning module UdpMessaging (254)
[2018.02.20-01.15.08:201][458]LogModuleManager: Shutting down and abandoning module TcpMessaging (252)
[2018.02.20-01.15.08:302][458]LogModuleManager: Shutting down and abandoning module GameplayTagsEditor (250)
[2018.02.20-01.15.08:302][458]LogModuleManager: Shutting down and abandoning module FacialAnimationEditor (248)
[2018.02.20-01.15.08:302][458]LogModuleManager: Shutting down and abandoning module FacialAnimation (246)
[2018.02.20-01.15.08:302][458]LogModuleManager: Shutting down and abandoning module AssetManagerEditor (244)
[2018.02.20-01.15.08:302][458]LogModuleManager: Shutting down and abandoning module GraphEditor (243)
[2018.02.20-01.15.08:302][458]LogModuleManager: Shutting down and abandoning module ContentBrowser (241)
[2018.02.20-01.15.08:303][458]LogModuleManager: Shutting down and abandoning module LightPropagationVolumeRuntime (238)
[2018.02.20-01.15.08:303][458]LogModuleManager: Shutting down and abandoning module Paper2D (236)
[2018.02.20-01.15.08:303][458]LogModuleManager: Shutting down and abandoning module WindowsMoviePlayer (234)
[2018.02.20-01.15.08:303][458]LogModuleManager: Shutting down and abandoning module WmfMedia (232)
[2018.02.20-01.15.08:307][458]LogModuleManager: Shutting down and abandoning module ImgMedia (230)
[2018.02.20-01.15.08:307][458]LogModuleManager: Shutting down and abandoning module PacketHandler (228)
[2018.02.20-01.15.08:307][458]LogModuleManager: Shutting down and abandoning module ClothingSystemEditor (226)
[2018.02.20-01.15.08:307][458]LogModuleManager: Shutting down and abandoning module ClothingSystemRuntime (224)
[2018.02.20-01.15.08:307][458]LogModuleManager: Shutting down and abandoning module MediaAssets (222)
[2018.02.20-01.15.08:307][458]LogModuleManager: Shutting down and abandoning module Media (221)
[2018.02.20-01.15.08:313][458]LogModuleManager: Shutting down and abandoning module Overlay (218)
[2018.02.20-01.15.08:314][458]LogModuleManager: Shutting down and abandoning module OverlayEditor (217)
[2018.02.20-01.15.08:314][458]LogModuleManager: Shutting down and abandoning module VREditor (214)
[2018.02.20-01.15.08:314][458]LogModuleManager: Shutting down and abandoning module StringTableEditor (212)
[2018.02.20-01.15.08:314][458]LogModuleManager: Shutting down and abandoning module GameplayTasksEditor (210)
[2018.02.20-01.15.08:314][458]LogModuleManager: Shutting down and abandoning module BehaviorTreeEditor (208)
[2018.02.20-01.15.08:314][458]LogModuleManager: Shutting down and abandoning module FunctionalTesting (206)
[2018.02.20-01.15.08:314][458]LogModuleManager: Shutting down and abandoning module CollisionAnalyzer (204)
[2018.02.20-01.15.08:314][458]LogModuleManager: Shutting down and abandoning module WorkspaceMenuStructure (203)
[2018.02.20-01.15.08:314][458]LogModuleManager: Shutting down and abandoning module UMG (200)
[2018.02.20-01.15.08:314][458]LogModuleManager: Shutting down and abandoning module UMGEditor (199)
[2018.02.20-01.15.08:314][458]LogModuleManager: Shutting down and abandoning module Sequencer (198)
[2018.02.20-01.15.08:315][458]LogModuleManager: Shutting down and abandoning module MessageLog (195)
[2018.02.20-01.15.08:315][458]LogModuleManager: Shutting down and abandoning module SlateReflector (190)
[2018.02.20-01.15.08:315][458]LogModuleManager: Shutting down and abandoning module Slate (188)
[2018.02.20-01.15.08:315][458]LogModuleManager: Shutting down and abandoning module EditorStyle (186)
[2018.02.20-01.15.08:319][458]LogModuleManager: Shutting down and abandoning module MRMesh (184)
[2018.02.20-01.15.08:319][458]LogModuleManager: Shutting down and abandoning module SourceCodeAccess (182)
[2018.02.20-01.15.08:319][458]LogModuleManager: Shutting down and abandoning module HeadMountedDisplay (180)
[2018.02.20-01.15.08:319][458]LogModuleManager: Shutting down and abandoning module XAudio2 (178)
[2018.02.20-01.15.08:319][458]LogModuleManager: Shutting down and abandoning module Networking (176)
[2018.02.20-01.15.08:319][458]LogModuleManager: Shutting down and abandoning module Core (172)
[2018.02.20-01.15.08:319][458]LogModuleManager: Shutting down and abandoning module LevelSequence (168)
[2018.02.20-01.15.08:319][458]LogModuleManager: Shutting down and abandoning module DirectoryWatcher (166)
[2018.02.20-01.15.08:322][458]LogModuleManager: Shutting down and abandoning module KismetCompiler (164)
[2018.02.20-01.15.08:322][458]LogModuleManager: Shutting down and abandoning module MeshUtilities (162)
[2018.02.20-01.15.08:322][458]LogModuleManager: Shutting down and abandoning module MeshMergeUtilities (161)
[2018.02.20-01.15.08:322][458]LogModuleManager: Shutting down and abandoning module MeshReductionInterface (160)
[2018.02.20-01.15.08:322][458]LogModuleManager: Shutting down and abandoning module SimplygonSwarm (159)
[2018.02.20-01.15.08:322][458]LogModuleManager: Shutting down and abandoning module SimplygonMeshReduction (157)
[2018.02.20-01.15.08:322][458]LogModuleManager: Shutting down and abandoning module QuadricMeshReduction (155)
[2018.02.20-01.15.08:322][458]LogModuleManager: Shutting down and abandoning module MaterialBaking (151)
[2018.02.20-01.15.08:322][458]LogModuleManager: Shutting down and abandoning module DerivedDataCache (148)
[2018.02.20-01.15.08:370][458]LogDerivedDataCache: Shutdown
[2018.02.20-01.15.08:370][458]LogModuleManager: Shutting down and abandoning module TargetPlatform (146)
[2018.02.20-01.15.08:370][458]LogModuleManager: Shutting down and abandoning module VulkanShaderFormat (145)
[2018.02.20-01.15.08:371][458]LogModuleManager: Shutting down and abandoning module ShaderFormatVectorVM (143)
[2018.02.20-01.15.08:371][458]LogModuleManager: Shutting down and abandoning module ShaderFormatOpenGL (141)
[2018.02.20-01.15.08:371][458]LogModuleManager: Shutting down and abandoning module ShaderFormatD3D (139)
[2018.02.20-01.15.08:371][458]LogModuleManager: Shutting down and abandoning module MetalShaderFormat (137)
[2018.02.20-01.15.08:371][458]LogModuleManager: Shutting down and abandoning module TextureFormatUncompressed (135)
[2018.02.20-01.15.08:371][458]LogModuleManager: Shutting down and abandoning module TextureFormatPVR (133)
[2018.02.20-01.15.08:371][458]LogModuleManager: Shutting down and abandoning module TextureFormatDXT (131)
[2018.02.20-01.15.08:371][458]LogModuleManager: Shutting down and abandoning module TextureFormatIntelISPCTexComp (129)
[2018.02.20-01.15.08:371][458]LogModuleManager: Shutting down and abandoning module TextureFormatASTC (127)
[2018.02.20-01.15.08:371][458]LogModuleManager: Shutting down and abandoning module ImageWrapper (126)
[2018.02.20-01.15.08:371][458]LogModuleManager: Shutting down and abandoning module TextureFormatAndroid (123)
[2018.02.20-01.15.08:371][458]LogModuleManager: Shutting down and abandoning module AudioFormatOpus (121)
[2018.02.20-01.15.08:371][458]LogModuleManager: Shutting down and abandoning module AudioFormatOgg (119)
[2018.02.20-01.15.08:371][458]LogModuleManager: Shutting down and abandoning module AudioFormatADPCM (117)
[2018.02.20-01.15.08:371][458]LogModuleManager: Shutting down and abandoning module LinuxTargetPlatform (115)
[2018.02.20-01.15.08:371][458]LogModuleManager: Shutting down and abandoning module LinuxServerTargetPlatform (113)
[2018.02.20-01.15.08:371][458]LogModuleManager: Shutting down and abandoning module LinuxNoEditorTargetPlatform (111)
[2018.02.20-01.15.08:371][458]LogModuleManager: Shutting down and abandoning module LinuxClientTargetPlatform (109)
[2018.02.20-01.15.08:372][458]LogModuleManager: Shutting down and abandoning module TVOSTargetPlatform (107)
[2018.02.20-01.15.08:372][458]LogModuleManager: Shutting down and abandoning module Messaging (105)
[2018.02.20-01.15.08:372][458]LogModuleManager: Shutting down and abandoning module IOSTargetPlatform (103)
[2018.02.20-01.15.08:372][458]LogModuleManager: Shutting down and abandoning module HTML5TargetPlatform (101)
[2018.02.20-01.15.08:372][458]LogModuleManager: Shutting down and abandoning module AndroidTargetPlatform (99)
[2018.02.20-01.15.08:372][458]LogModuleManager: Shutting down and abandoning module Android_PVRTCTargetPlatform (97)
[2018.02.20-01.15.08:372][458]LogModuleManager: Shutting down and abandoning module Android_MultiTargetPlatform (95)
[2018.02.20-01.15.08:372][458]LogModuleManager: Shutting down and abandoning module Android_ETC2TargetPlatform (93)
[2018.02.20-01.15.08:372][458]LogModuleManager: Shutting down and abandoning module Android_ETC1TargetPlatform (91)
[2018.02.20-01.15.08:372][458]LogModuleManager: Shutting down and abandoning module Android_DXTTargetPlatform (89)
[2018.02.20-01.15.08:372][458]LogModuleManager: Shutting down and abandoning module Android_ATCTargetPlatform (87)
[2018.02.20-01.15.08:372][458]LogModuleManager: Shutting down and abandoning module Android_ASTCTargetPlatform (85)
[2018.02.20-01.15.08:372][458]LogModuleManager: Shutting down and abandoning module WindowsTargetPlatform (83)
[2018.02.20-01.15.08:372][458]LogModuleManager: Shutting down and abandoning module WindowsServerTargetPlatform (81)
[2018.02.20-01.15.08:372][458]LogModuleManager: Shutting down and abandoning module WindowsNoEditorTargetPlatform (79)
[2018.02.20-01.15.08:372][458]LogModuleManager: Shutting down and abandoning module WindowsClientTargetPlatform (77)
[2018.02.20-01.15.08:372][458]LogModuleManager: Shutting down and abandoning module MacTargetPlatform (75)
[2018.02.20-01.15.08:372][458]LogModuleManager: Shutting down and abandoning module MacServerTargetPlatform (73)
[2018.02.20-01.15.08:372][458]LogModuleManager: Shutting down and abandoning module MacNoEditorTargetPlatform (71)
[2018.02.20-01.15.08:372][458]LogModuleManager: Shutting down and abandoning module MacClientTargetPlatform (69)
[2018.02.20-01.15.08:372][458]LogModuleManager: Shutting down and abandoning module AllDesktopTargetPlatform (67)
[2018.02.20-01.15.08:372][458]LogModuleManager: Shutting down and abandoning module InputCore (64)
[2018.02.20-01.15.08:372][458]LogModuleManager: Shutting down and abandoning module Settings (62)
[2018.02.20-01.15.08:373][458]LogModuleManager: Shutting down and abandoning module PhysXCooking (60)
[2018.02.20-01.15.08:373][458]LogModuleManager: Shutting down and abandoning module SteamVR (58)
[2018.02.20-01.15.08:373][458]LogModuleManager: Shutting down and abandoning module OculusHMD (56)
[2018.02.20-01.15.08:373][458]LogModuleManager: Shutting down and abandoning module ExampleDeviceProfileSelector (54)
[2018.02.20-01.15.08:373][458]LogModuleManager: Shutting down and abandoning module AppleARKit (52)
[2018.02.20-01.15.08:373][458]LogModuleManager: Shutting down and abandoning module AugmentedReality (51)
[2018.02.20-01.15.08:373][458]LogModuleManager: Shutting down and abandoning module OnlineBlueprintSupport (48)
[2018.02.20-01.15.08:373][458]LogModuleManager: Shutting down and abandoning module OnlineSubsystem (44)
[2018.02.20-01.15.08:373][458]LogModuleManager: Shutting down and abandoning module XMPP (43)
[2018.02.20-01.15.08:373][458]LogModuleManager: Shutting down and abandoning module HTTP (41)
[2018.02.20-01.15.08:373][458]LogHttp: Display: Http module shutting down, but needs to wait on 1 outstanding Http requests:
[2018.02.20-01.15.08:373][458]LogHttp: Display: 	verb=[POST] url=[https://datarouter.ol.epicgames.com/datarouter/api/v1/public/data?SessionID=%7B9CC7B9D3-408C-D6CB-8534-D1AF31EFF891%7D&AppID=UEEditor.Rocket.Release&AppVersion=4.18.3-3832480%2B%2B%2BUE4%2BRelease-4.18&UserID=c59378934e348966c5d183ac2fe36b5f%7C46aca55342ee4cd6ab40d3057fc21ae1%7C0aa5cadb-6d84-40b6-a4c1-3aefa104029b&AppEnvironment=datacollector-binary&UploadType=eteventstream] status=Processing
[2018.02.20-01.15.08:401][458]LogModuleManager: Shutting down and abandoning module SSL (40)
[2018.02.20-01.15.08:403][458]LogModuleManager: Shutting down and abandoning module AnimationModifiers (36)
[2018.02.20-01.15.08:403][458]LogModuleManager: Shutting down and abandoning module PropertyEditor (35)
[2018.02.20-01.15.08:403][458]LogModuleManager: Shutting down and abandoning module AudioEditor (32)
[2018.02.20-01.15.08:403][458]LogModuleManager: Shutting down and abandoning module TextureCompressor (30)
[2018.02.20-01.15.08:403][458]LogModuleManager: Shutting down and abandoning module ShaderCore (28)
[2018.02.20-01.15.08:403][458]LogModuleManager: Shutting down and abandoning module Landscape (26)
[2018.02.20-01.15.08:403][458]LogModuleManager: Shutting down and abandoning module SlateRHIRenderer (24)
[2018.02.20-01.15.08:405][458]LogModuleManager: Shutting down and abandoning module OpenGLDrv (22)
[2018.02.20-01.15.08:405][458]LogModuleManager: Shutting down and abandoning module D3D11RHI (20)
[2018.02.20-01.15.08:405][458]LogModuleManager: Shutting down and abandoning module AnimGraphRuntime (18)
[2018.02.20-01.15.08:405][458]LogModuleManager: Shutting down and abandoning module Renderer (16)
[2018.02.20-01.15.08:405][458]LogModuleManager: Shutting down and abandoning module Engine (14)
[2018.02.20-01.15.08:405][458]LogModuleManager: Shutting down and abandoning module CoreUObject (12)
[2018.02.20-01.15.08:405][458]LogModuleManager: Shutting down and abandoning module NetworkFile (10)
[2018.02.20-01.15.08:405][458]LogModuleManager: Shutting down and abandoning module CookedIterativeFile (8)
[2018.02.20-01.15.08:405][458]LogModuleManager: Shutting down and abandoning module StreamingFile (6)
[2018.02.20-01.15.08:405][458]LogModuleManager: Shutting down and abandoning module SandboxFile (4)
[2018.02.20-01.15.08:405][458]LogModuleManager: Shutting down and abandoning module PakFile (2)
[2018.02.20-01.15.08:440][458]LogExit: Exiting.
[2018.02.20-01.15.08:455][458]Log file closed, 02/19/18 19:15:08
